SF:/Users/Bayramov_N/Desktop/Other/life-os/supabase/functions/_shared/account_deletion.ts
FN:62,delay
FN:66,deleteAuthPrincipalWithRetry
FN:90,deletePostgresData
FN:138,verifyVectorDeletion
FN:166,recordFailure
FN:181,upsertDeletionAudit
FN:210,getOrCreateDeletionJob
FN:264,fetchDeletionJobByKey
FN:283,updateDeletionJobState
FN:314,updateDeletionJob
FN:336,deletionJobCascadeDeletedAfterUserRemoval
FN:367,isDeletionJobStateConflict
FN:372,cascadedFailureState
FN:378,normalizeIdempotencyKey
FN:387,retryAfterSeconds
FN:394,normalizeMedicalScanStoragePath
FN:409,ensureDeletionJobStorageManifest
FN:458,cleanupMedicalScanStorage
FN:542,isUniqueViolation
FN:546,normalizeDeletionJobRow
FN:560,normalizeStorageObjectPaths
FN:574,extractStorageObjectPath
FN:610,sanitizeStorageObjectPath
FN:630,deleteAuthPrincipal
FN:650,isAuthPrincipalMissing
FN:662,chunkArray
FNDA:2,delay
FNDA:4,deleteAuthPrincipalWithRetry
FNDA:5,deletePostgresData
FNDA:4,verifyVectorDeletion
FNDA:1,recordFailure
FNDA:2,upsertDeletionAudit
FNDA:5,getOrCreateDeletionJob
FNDA:10,fetchDeletionJobByKey
FNDA:3,updateDeletionJobState
FNDA:8,updateDeletionJob
FNDA:4,deletionJobCascadeDeletedAfterUserRemoval
FNDA:7,isDeletionJobStateConflict
FNDA:2,cascadedFailureState
FNDA:6,normalizeIdempotencyKey
FNDA:4,retryAfterSeconds
FNDA:31,normalizeMedicalScanStoragePath
FNDA:10,ensureDeletionJobStorageManifest
FNDA:6,cleanupMedicalScanStorage
FNDA:5,isUniqueViolation
FNDA:12,normalizeDeletionJobRow
FNDA:18,normalizeStorageObjectPaths
FNDA:28,extractStorageObjectPath
FNDA:24,sanitizeStorageObjectPath
FNDA:6,deleteAuthPrincipal
FNDA:5,isAuthPrincipalMissing
FNDA:7,chunkArray
FNF:26
FNH:26
BRDA:76,3,0,6
BRDA:78,3,0,3
BRDA:78,3,1,3
BRDA:82,3,0,2
BRDA:82,3,1,4
BRDA:85,3,0,1
BRDA:85,3,1,3
BRDA:101,4,0,1
BRDA:101,4,1,4
BRDA:107,4,0,4
BRDA:107,4,1,1
BRDA:109,4,0,1
BRDA:109,4,1,4
BRDA:111,4,0,3
BRDA:111,4,1,2
BRDA:119,4,0,1
BRDA:119,4,1,4
BRDA:125,4,0,2
BRDA:125,4,1,3
BRDA:127,4,0,1
BRDA:127,4,1,4
BRDA:147,5,0,1
BRDA:147,5,1,3
BRDA:153,5,0,3
BRDA:153,5,1,1
BRDA:155,5,0,1
BRDA:155,5,1,1
BRDA:161,5,0,2
BRDA:161,5,1,2
BRDA:202,7,0,1
BRDA:202,7,1,1
BRDA:207,7,0,1
BRDA:207,7,1,1
BRDA:226,8,0,1
BRDA:226,8,1,4
BRDA:228,8,0,4
BRDA:228,8,1,1
BRDA:247,8,0,3
BRDA:247,8,1,2
BRDA:248,8,0,2
BRDA:248,8,1,1
BRDA:254,8,0,1
BRDA:254,8,1,1
BRDA:259,8,0,1
BRDA:259,8,1,4
BRDA:276,9,0,1
BRDA:276,9,1,9
BRDA:278,9,0,9
BRDA:278,9,1,1
BRDA:280,9,0,4
BRDA:280,9,1,5
BRDA:302,10,0,1
BRDA:302,10,1,2
BRDA:304,10,0,2
BRDA:304,10,1,1
BRDA:305,10,0,1
BRDA:305,10,1,2
BRDA:326,11,0,1
BRDA:326,11,1,7
BRDA:328,11,0,7
BRDA:328,11,1,1
BRDA:329,11,0,1
BRDA:329,11,1,7
BRDA:331,11,0,6
BRDA:331,11,1,2
BRDA:342,12,0,1
BRDA:342,12,1,3
BRDA:344,12,0,3
BRDA:344,12,1,1
BRDA:351,12,0,1
BRDA:351,12,1,3
BRDA:353,12,0,2
BRDA:353,12,1,2
BRDA:360,12,0,1
BRDA:360,12,1,3
BRDA:368,13,0,6
BRDA:368,13,1,1
BRDA:375,14,0,1
BRDA:375,14,1,1
BRDA:379,15,0,2
BRDA:379,15,1,4
BRDA:381,15,0,1
BRDA:381,15,1,3
BRDA:382,15,0,1
BRDA:382,15,1,2
BRDA:383,15,0,1
BRDA:383,15,1,5
BRDA:388,16,0,1
BRDA:388,16,1,3
BRDA:390,16,0,1
BRDA:390,16,1,2
BRDA:398,17,0,29
BRDA:398,17,1,2
BRDA:399,17,0,3
BRDA:399,17,1,28
BRDA:403,17,0,8
BRDA:403,17,1,20
BRDA:404,17,0,2
BRDA:404,17,1,18
BRDA:414,18,0,1
BRDA:414,18,1,9
BRDA:416,18,0,9
BRDA:416,18,1,1
BRDA:422,18,0,6
BRDA:422,18,1,4
BRDA:424,18,0,5
BRDA:424,18,1,1
BRDA:428,18,0,1
BRDA:428,18,1,5
BRDA:432,18,0,5
BRDA:432,18,1,1
BRDA:434,18,0,3
BRDA:434,18,1,7
BRDA:440,18,0,1
BRDA:440,18,1,9
BRDA:442,18,0,2
BRDA:442,18,1,8
BRDA:445,18,0,0
BRDA:445,18,1,10
BRDA:453,18,0,2
BRDA:453,18,1,8
BRDA:463,21,0,1
BRDA:463,21,1,5
BRDA:465,21,0,5
BRDA:465,21,1,1
BRDA:473,21,0,4
BRDA:473,21,1,2
BRDA:478,21,0,1
BRDA:478,21,1,3
BRDA:486,21,0,3
BRDA:486,21,1,1
BRDA:496,21,0,1
BRDA:496,21,1,2
BRDA:503,21,0,2
BRDA:503,21,1,1
BRDA:507,21,0,0
BRDA:507,21,1,3
BRDA:512,21,0,1
BRDA:512,21,1,2
BRDA:514,21,0,2
BRDA:514,21,1,1
BRDA:515,21,0,2
BRDA:515,21,1,2
BRDA:517,21,0,1
BRDA:517,21,1,3
BRDA:527,21,0,2
BRDA:527,21,1,4
BRDA:530,21,0,0
BRDA:530,21,1,6
BRDA:534,21,0,2
BRDA:534,21,1,4
BRDA:549,24,0,4
BRDA:549,24,1,8
BRDA:550,24,0,11
BRDA:550,24,1,1
BRDA:552,24,0,1
BRDA:552,24,1,11
BRDA:556,24,0,9
BRDA:556,24,1,3
BRDA:567,26,0,15
BRDA:567,26,1,3
BRDA:575,27,0,0
BRDA:575,27,1,28
BRDA:577,27,0,22
BRDA:577,27,1,6
BRDA:579,27,0,6
BRDA:579,27,1,22
BRDA:584,27,0,0
BRDA:584,27,1,28
BRDA:586,27,0,6
BRDA:586,27,1,22
BRDA:593,27,0,12
BRDA:593,27,1,2
BRDA:595,27,0,4
BRDA:595,27,1,8
BRDA:597,27,0,1
BRDA:597,27,1,27
BRDA:599,27,0,3
BRDA:599,27,1,25
BRDA:602,27,0,18
BRDA:602,27,1,1
BRDA:604,27,0,2
BRDA:604,27,1,16
BRDA:612,30,0,1
BRDA:612,30,1,23
BRDA:614,30,0,4
BRDA:614,30,1,20
BRDA:615,30,0,19
BRDA:615,30,1,5
BRDA:617,30,0,0
BRDA:617,30,1,23
BRDA:622,30,0,2
BRDA:622,30,1,21
BRDA:623,30,0,1
BRDA:623,30,1,23
BRDA:625,30,0,20
BRDA:625,30,1,4
BRDA:635,33,0,1
BRDA:635,33,1,5
BRDA:637,33,0,5
BRDA:637,33,1,1
BRDA:639,33,0,2
BRDA:639,33,1,4
BRDA:641,33,0,3
BRDA:641,33,1,3
BRDA:653,34,0,1
BRDA:653,34,1,4
BRDA:654,34,0,1
BRDA:654,34,1,4
BRDA:656,34,0,4
BRDA:656,34,1,1
BRDA:658,34,0,0
BRDA:658,34,1,5
BRDA:663,35,0,0
BRDA:663,35,1,7
BRF:215
BRH:207
DA:2,2
DA:3,2
DA:6,2
DA:49,2
DA:50,2
DA:51,2
DA:52,2
DA:53,2
DA:54,2
DA:55,2
DA:56,2
DA:57,2
DA:58,2
DA:59,2
DA:60,2
DA:62,2
DA:63,2
DA:64,2
DA:66,2
DA:67,2
DA:68,2
DA:70,4
DA:71,4
DA:72,4
DA:73,4
DA:74,4
DA:76,4
DA:77,6
DA:78,6
DA:79,3
DA:80,3
DA:82,6
DA:83,2
DA:84,2
DA:85,6
DA:87,1
DA:88,4
DA:90,2
DA:91,2
DA:92,2
DA:94,5
DA:95,5
DA:96,5
DA:97,5
DA:98,5
DA:101,5
DA:102,1
DA:103,1
DA:104,1
DA:105,1
DA:106,1
DA:107,1
DA:109,5
DA:110,1
DA:111,1
DA:113,3
DA:114,3
DA:115,3
DA:116,3
DA:117,3
DA:119,5
DA:120,1
DA:121,1
DA:122,1
DA:123,1
DA:124,1
DA:125,1
DA:127,5
DA:128,1
DA:129,1
DA:131,1
DA:132,1
DA:133,1
DA:134,1
DA:135,1
DA:136,5
DA:138,2
DA:139,2
DA:140,2
DA:142,4
DA:143,4
DA:144,4
DA:145,4
DA:147,4
DA:148,1
DA:149,1
DA:150,1
DA:151,1
DA:152,1
DA:153,1
DA:155,4
DA:156,1
DA:157,1
DA:158,1
DA:159,1
DA:160,1
DA:161,1
DA:163,2
DA:164,4
DA:166,2
DA:167,2
DA:168,2
DA:169,2
DA:170,2
DA:172,1
DA:173,1
DA:174,1
DA:175,1
DA:176,1
DA:177,1
DA:178,1
DA:179,1
DA:181,2
DA:182,2
DA:183,2
DA:191,2
DA:193,2
DA:194,2
DA:195,2
DA:196,2
DA:197,2
DA:198,2
DA:199,2
DA:200,2
DA:201,2
DA:202,2
DA:203,2
DA:204,2
DA:205,2
DA:207,2
DA:208,2
DA:210,2
DA:211,2
DA:212,2
DA:219,2
DA:221,5
DA:222,5
DA:223,5
DA:224,5
DA:226,5
DA:227,1
DA:228,1
DA:230,4
DA:231,4
DA:232,4
DA:233,4
DA:234,4
DA:235,4
DA:236,4
DA:237,4
DA:238,4
DA:239,4
DA:240,4
DA:241,4
DA:242,4
DA:243,4
DA:244,4
DA:245,4
DA:247,5
DA:248,3
DA:249,2
DA:250,2
DA:251,2
DA:252,2
DA:254,2
DA:255,1
DA:256,1
DA:257,2
DA:258,2
DA:259,2
DA:261,1
DA:262,5
DA:264,2
DA:265,2
DA:266,2
DA:267,2
DA:269,10
DA:270,10
DA:271,10
DA:272,10
DA:273,10
DA:274,10
DA:276,10
DA:277,1
DA:278,1
DA:280,10
DA:281,10
DA:283,2
DA:284,2
DA:285,2
DA:286,2
DA:287,2
DA:289,3
DA:291,3
DA:292,3
DA:293,3
DA:294,3
DA:295,3
DA:296,3
DA:297,3
DA:298,3
DA:299,3
DA:300,3
DA:302,3
DA:303,1
DA:304,1
DA:305,3
DA:306,1
DA:307,1
DA:309,1
DA:311,1
DA:312,3
DA:314,2
DA:315,2
DA:316,2
DA:317,2
DA:319,8
DA:320,8
DA:321,8
DA:322,8
DA:323,8
DA:324,8
DA:326,8
DA:327,1
DA:328,1
DA:329,8
DA:330,1
DA:331,1
DA:333,6
DA:334,8
DA:336,2
DA:337,2
DA:338,2
DA:339,2
DA:340,2
DA:342,4
DA:343,1
DA:344,1
DA:346,3
DA:347,3
DA:348,3
DA:349,3
DA:350,3
DA:351,4
DA:352,1
DA:353,1
DA:355,2
DA:356,2
DA:357,2
DA:358,2
DA:359,2
DA:360,4
DA:361,1
DA:362,1
DA:364,1
DA:365,4
DA:367,2
DA:368,7
DA:369,7
DA:370,7
DA:372,2
DA:373,2
DA:375,2
DA:376,2
DA:378,2
DA:379,6
DA:380,4
DA:381,6
DA:382,6
DA:383,6
DA:384,1
DA:385,6
DA:387,2
DA:388,4
DA:389,3
DA:390,4
DA:391,2
DA:392,4
DA:394,2
DA:395,2
DA:396,2
DA:398,31
DA:399,31
DA:401,28
DA:402,28
DA:403,31
DA:404,31
DA:406,18
DA:407,31
DA:409,2
DA:410,2
DA:411,2
DA:412,2
DA:414,10
DA:415,1
DA:416,1
DA:418,9
DA:419,9
DA:420,9
DA:422,10
DA:423,6
DA:424,6
DA:425,6
DA:426,6
DA:428,6
DA:429,1
DA:430,1
DA:431,1
DA:432,1
DA:433,5
DA:434,5
DA:436,3
DA:437,3
DA:438,3
DA:439,3
DA:440,10
DA:441,1
DA:442,1
DA:444,10
DA:445,10
DA:446,2
DA:447,2
DA:448,10
DA:449,10
DA:452,10
DA:453,10
DA:454,10
DA:455,10
DA:456,10
DA:458,2
DA:459,2
DA:460,2
DA:461,2
DA:463,6
DA:464,1
DA:465,1
DA:467,5
DA:468,5
DA:469,5
DA:470,5
DA:473,6
DA:474,4
DA:475,4
DA:476,4
DA:477,4
DA:478,4
DA:479,1
DA:480,1
DA:481,1
DA:482,1
DA:483,1
DA:484,1
DA:485,1
DA:486,4
DA:488,3
DA:489,3
DA:490,3
DA:491,3
DA:492,3
DA:493,3
DA:494,3
DA:495,3
DA:496,3
DA:497,1
DA:498,1
DA:499,1
DA:500,1
DA:501,1
DA:502,1
DA:503,1
DA:505,3
DA:506,3
DA:507,3
DA:508,3
DA:510,3
DA:512,3
DA:513,1
DA:514,1
DA:515,2
DA:517,4
DA:518,1
DA:519,1
DA:520,1
DA:521,1
DA:522,1
DA:523,1
DA:525,1
DA:526,1
DA:527,4
DA:529,2
DA:530,6
DA:531,6
DA:532,6
DA:533,6
DA:534,6
DA:536,2
DA:537,2
DA:538,2
DA:539,2
DA:540,6
DA:542,2
DA:543,5
DA:544,5
DA:546,12
DA:547,12
DA:548,12
DA:549,12
DA:550,12
DA:551,12
DA:552,12
DA:554,12
DA:555,12
DA:556,12
DA:557,12
DA:558,12
DA:560,18
DA:561,18
DA:562,18
DA:564,18
DA:565,18
DA:566,18
DA:567,18
DA:568,15
DA:569,15
DA:570,18
DA:571,18
DA:572,18
DA:574,28
DA:575,0
DA:577,28
DA:578,22
DA:579,22
DA:581,6
DA:582,6
DA:583,6
DA:584,0
DA:585,0
DA:586,0
DA:588,6
DA:589,6
DA:590,6
DA:591,6
DA:593,28
DA:594,2
DA:595,2
DA:597,28
DA:598,1
DA:599,1
DA:601,3
DA:602,28
DA:603,1
DA:604,1
DA:606,2
DA:607,2
DA:608,28
DA:610,24
DA:611,24
DA:612,24
DA:614,24
DA:615,24
DA:616,24
DA:617,0
DA:619,23
DA:620,23
DA:622,24
DA:623,24
DA:624,1
DA:625,1
DA:627,20
DA:628,24
DA:630,6
DA:631,6
DA:632,6
DA:634,6
DA:635,6
DA:636,1
DA:637,1
DA:639,6
DA:640,2
DA:641,2
DA:643,3
DA:644,3
DA:645,3
DA:646,3
DA:647,3
DA:648,6
DA:650,5
DA:651,5
DA:653,5
DA:654,5
DA:655,1
DA:656,1
DA:658,5
DA:659,5
DA:660,5
DA:662,7
DA:663,0
DA:665,7
DA:666,7
DA:667,7
DA:668,7
DA:669,7
DA:670,7
LH:497
LF:503
end_of_record
SF:/Users/Bayramov_N/Desktop/Other/life-os/supabase/functions/_shared/account_deletion_state_machine.ts
FN:59,canTransitionDeletionState
FN:67,assertDeletionStateTransition
FN:76,deletionStateIsTerminal
FNDA:24,canTransitionDeletionState
FNDA:5,assertDeletionStateTransition
FNDA:5,deletionStateIsTerminal
FNF:3
FNH:3
BRDA:63,1,0,3
BRDA:63,1,1,21
BRDA:71,2,0,1
BRDA:71,2,1,4
BRDA:77,3,0,4
BRDA:77,3,1,3
BRF:6
BRH:6
DA:14,4
DA:15,4
DA:16,4
DA:17,4
DA:18,4
DA:19,4
DA:20,4
DA:21,4
DA:22,4
DA:23,4
DA:24,4
DA:25,4
DA:26,4
DA:27,4
DA:28,4
DA:29,4
DA:30,4
DA:31,4
DA:32,4
DA:33,4
DA:34,4
DA:35,4
DA:36,4
DA:37,4
DA:38,4
DA:39,4
DA:40,4
DA:41,4
DA:42,4
DA:43,4
DA:44,4
DA:45,4
DA:46,4
DA:47,4
DA:48,4
DA:49,4
DA:50,4
DA:51,4
DA:52,4
DA:53,4
DA:54,4
DA:55,4
DA:56,4
DA:57,4
DA:59,4
DA:60,4
DA:61,4
DA:63,24
DA:64,21
DA:65,24
DA:67,4
DA:68,4
DA:69,4
DA:71,5
DA:72,1
DA:73,1
DA:74,5
DA:76,4
DA:77,5
DA:78,5
LH:60
LF:60
end_of_record
SF:/Users/Bayramov_N/Desktop/Other/life-os/supabase/functions/_shared/apns.ts
FN:25,dispatchAPNsNotifications
FN:117,loadAPNsConfig
FN:135,createBearerToken
FN:157,importPrivateKey
FN:175,base64urlEncode
FNDA:3,dispatchAPNsNotifications
FNDA:3,loadAPNsConfig
FNDA:1,createBearerToken
FNDA:1,importPrivateKey
FNDA:3,base64urlEncode
FNF:5
FNH:5
BRDA:29,1,0,1
BRDA:29,1,1,2
BRDA:37,1,0,2
BRDA:37,1,1,1
BRDA:39,1,0,1
BRDA:39,1,1,2
BRDA:55,1,0,1
BRDA:55,1,1,2
BRDA:56,1,0,2
BRDA:56,1,1,1
BRDA:65,1,0,1
BRDA:65,1,1,2
BRDA:66,1,0,2
BRDA:66,1,1,1
BRDA:76,1,0,1
BRDA:76,1,1,2
BRDA:78,1,0,2
BRDA:78,1,1,1
BRDA:82,1,0,1
BRDA:82,1,1,2
BRDA:85,1,0,2
BRDA:85,1,1,1
BRDA:90,1,0,1
BRDA:90,1,1,2
BRDA:91,1,0,1
BRDA:91,1,1,2
BRDA:94,1,0,1
BRDA:94,1,1,2
BRDA:96,1,0,2
BRDA:96,1,1,1
BRDA:100,1,0,2
BRDA:100,1,1,1
BRDA:101,1,0,1
BRDA:101,1,1,2
BRDA:103,1,0,1
BRDA:103,1,1,2
BRDA:106,1,0,1
BRDA:106,1,1,2
BRDA:118,2,0,2
BRDA:118,2,1,1
BRDA:119,2,0,2
BRDA:119,2,1,1
BRDA:120,2,0,2
BRDA:120,2,1,1
BRDA:121,2,0,2
BRDA:121,2,1,1
BRDA:123,2,0,2
BRDA:123,2,1,2
BRDA:123,2,2,2
BRDA:123,2,3,1
BRDA:125,2,0,2
BRDA:125,2,1,1
BRDA:176,6,0,2
BRDA:176,6,1,1
BRDA:177,6,0,1
BRDA:177,6,1,2
BRDA:180,6,0,128
BRF:57
BRH:57
DA:25,1
DA:26,1
DA:28,3
DA:29,3
DA:30,1
DA:31,1
DA:32,1
DA:33,1
DA:34,1
DA:35,1
DA:36,1
DA:37,1
DA:39,3
DA:40,1
DA:41,1
DA:42,1
DA:43,1
DA:44,1
DA:45,1
DA:46,1
DA:47,1
DA:49,1
DA:50,1
DA:51,1
DA:52,1
DA:54,3
DA:55,3
DA:56,3
DA:57,3
DA:59,3
DA:60,3
DA:61,3
DA:62,3
DA:63,3
DA:64,3
DA:65,3
DA:66,3
DA:67,3
DA:68,3
DA:69,3
DA:70,3
DA:71,3
DA:72,3
DA:73,3
DA:74,3
DA:75,3
DA:76,3
DA:77,3
DA:78,3
DA:79,3
DA:80,3
DA:82,3
DA:83,1
DA:84,1
DA:85,1
DA:87,2
DA:88,2
DA:89,2
DA:90,2
DA:91,3
DA:92,1
DA:93,1
DA:94,3
DA:96,1
DA:98,3
DA:99,3
DA:100,3
DA:101,3
DA:102,3
DA:103,3
DA:104,1
DA:105,1
DA:106,3
DA:108,1
DA:109,1
DA:110,1
DA:111,1
DA:112,1
DA:113,1
DA:114,1
DA:115,3
DA:117,3
DA:118,3
DA:119,3
DA:120,3
DA:121,3
DA:123,3
DA:124,1
DA:125,1
DA:127,2
DA:128,2
DA:129,2
DA:130,2
DA:131,2
DA:132,2
DA:133,3
DA:135,1
DA:136,1
DA:137,1
DA:138,1
DA:139,1
DA:140,1
DA:141,1
DA:142,1
DA:143,1
DA:145,1
DA:146,1
DA:147,1
DA:148,1
DA:149,1
DA:150,1
DA:151,1
DA:152,1
DA:154,1
DA:155,1
DA:157,1
DA:158,1
DA:159,1
DA:160,1
DA:161,1
DA:162,1
DA:163,1
DA:164,1
DA:166,1
DA:167,1
DA:168,1
DA:169,1
DA:170,1
DA:171,1
DA:173,1
DA:175,3
DA:176,3
DA:177,3
DA:178,3
DA:179,3
DA:180,3
DA:181,128
DA:182,128
DA:183,3
DA:184,3
DA:185,3
DA:187,3
LH:142
LF:142
end_of_record
SF:/Users/Bayramov_N/Desktop/Other/life-os/supabase/functions/_shared/cors.ts
FN:18,readConfiguredValue
FN:28,isValidAbsoluteUrl
FN:37,isAppleAppStoreHost
FN:41,isAppStoreSearchUrl
FN:56,normalizeAppStoreId
FN:66,directAppStoreUrl
FN:70,resolveConfiguredAppStoreUrl
FN:95,resolveServerManagedHeaders
FN:130,handleCors
FN:144,withCorsHeaders
FNDA:4584,readConfiguredValue
FNDA:5,isValidAbsoluteUrl
FNDA:4,isAppleAppStoreHost
FNDA:4,isAppStoreSearchUrl
FNDA:1146,normalizeAppStoreId
FNDA:2,directAppStoreUrl
FNDA:1146,resolveConfiguredAppStoreUrl
FNDA:1146,resolveServerManagedHeaders
FNDA:135,handleCors
FNDA:1146,withCorsHeaders
FNF:10
FNH:10
BRDA:19,1,0,9159
BRDA:20,1,0,15
BRDA:20,1,1,9144
BRDA:21,1,0,13
BRDA:21,1,1,9146
BRDA:24,1,0,4571
BRDA:24,1,1,13
BRDA:31,2,0,4
BRDA:31,2,1,1
BRDA:32,2,0,1
BRDA:32,2,1,4
BRDA:44,4,0,1
BRDA:44,4,1,3
BRDA:46,4,0,3
BRDA:46,4,1,1
BRDA:47,4,0,2
BRDA:47,4,1,2
BRDA:49,4,0,1
BRDA:49,4,1,3
BRDA:51,4,0,0
BRDA:51,4,1,4
BRDA:57,5,0,1142
BRDA:57,5,1,4
BRDA:59,5,0,10
BRDA:59,5,1,4
BRDA:63,5,0,2
BRDA:63,5,1,2
BRDA:81,7,0,5
BRDA:81,7,1,1141
BRDA:82,7,0,4
BRDA:82,7,1,1142
BRDA:84,7,0,2
BRDA:84,7,1,1144
BRDA:86,7,0,1144
BRDA:86,7,1,2
BRDA:88,7,0,2
BRDA:88,7,1,1144
BRDA:90,7,0,1142
BRDA:90,7,1,4
BRDA:102,8,0,2
BRDA:102,8,1,1144
BRDA:110,8,0,2
BRDA:110,8,1,1144
BRDA:115,8,0,4
BRDA:115,8,1,1142
BRDA:131,9,0,134
BRDA:131,9,1,10
BRDA:136,9,0,125
BRDA:136,9,1,9
BRF:49
BRH:48
DA:4,10
DA:5,10
DA:6,10
DA:7,10
DA:8,10
DA:9,10
DA:10,10
DA:11,10
DA:12,10
DA:14,10
DA:15,10
DA:16,10
DA:18,4584
DA:19,4584
DA:20,9159
DA:21,9159
DA:22,13
DA:23,13
DA:24,9159
DA:25,4571
DA:26,4584
DA:28,5
DA:29,5
DA:30,5
DA:31,5
DA:32,5
DA:33,1
DA:34,1
DA:35,5
DA:37,4
DA:38,4
DA:39,4
DA:41,4
DA:42,4
DA:43,4
DA:44,4
DA:45,1
DA:46,1
DA:47,4
DA:48,2
DA:49,2
DA:50,1
DA:51,0
DA:52,0
DA:53,0
DA:54,4
DA:56,1146
DA:57,1146
DA:58,1142
DA:59,1142
DA:61,4
DA:62,4
DA:63,1146
DA:64,1146
DA:66,2
DA:67,2
DA:68,2
DA:70,1146
DA:71,1146
DA:72,1146
DA:73,1146
DA:74,1146
DA:75,1146
DA:76,1146
DA:77,1146
DA:78,1146
DA:80,1146
DA:81,1146
DA:82,1146
DA:83,1146
DA:84,1146
DA:85,2
DA:86,2
DA:88,1146
DA:89,2
DA:90,2
DA:92,1142
DA:93,1146
DA:95,1146
DA:96,1146
DA:98,1146
DA:99,1146
DA:100,1146
DA:101,1146
DA:102,1146
DA:103,2
DA:104,2
DA:106,1146
DA:107,1146
DA:108,1146
DA:109,1146
DA:110,1146
DA:111,2
DA:112,2
DA:114,1146
DA:115,1146
DA:116,4
DA:117,4
DA:119,1146
DA:120,1146
DA:130,10
DA:131,135
DA:132,10
DA:133,10
DA:134,10
DA:135,10
DA:136,10
DA:137,125
DA:138,135
DA:144,10
DA:145,10
DA:147,1146
DA:148,1146
DA:149,1146
DA:150,1146
DA:151,1146
DA:152,1146
LH:114
LF:117
end_of_record
SF:/Users/Bayramov_N/Desktop/Other/life-os/supabase/functions/_shared/daily_insights.ts
FN:127,generateAndPersistDailyInsights
FN:217,buildDailySnapshot
FN:575,persistDailySnapshot
FN:754,mergeInsight
FN:775,mergeRecommendation
FN:789,makeInsight
FN:843,makeRecommendation
FN:886,managedInsightKey
FN:890,managedInsightPrefix
FN:894,managedRecommendationKey
FN:898,managedRecommendationPrefix
FN:902,clampConfidence
FN:906,recommendationPriorityRank
FN:919,recommendationTimeOfDay
FN:927,localHourInTimeZone
FN:937,formatHours
FN:942,average
FN:947,isFiniteNumber
FN:951,humanize
FN:957,addDays
FN:962,addDaysISO
FN:967,stableUuid
FNDA:18,generateAndPersistDailyInsights
FNDA:17,buildDailySnapshot
FNDA:17,persistDailySnapshot
FNDA:20,mergeInsight
FNDA:17,mergeRecommendation
FNDA:22,makeInsight
FNDA:20,makeRecommendation
FNDA:35,managedInsightKey
FNDA:52,managedInsightPrefix
FNDA:20,managedRecommendationKey
FNDA:37,managedRecommendationPrefix
FNDA:7,clampConfidence
FNDA:8,recommendationPriorityRank
FNDA:17,recommendationTimeOfDay
FNDA:17,localHourInTimeZone
FNDA:4,formatHours
FNDA:17,average
FNDA:39,isFiniteNumber
FNDA:7,humanize
FNDA:18,addDays
FNDA:22,addDaysISO
FNDA:42,stableUuid
FNF:22
FNH:22
BRDA:134,1,0,17
BRDA:134,1,1,1
BRDA:185,1,0,86
BRDA:186,1,0,1
BRDA:186,1,1,85
BRDA:189,1,0,17
BRDA:189,1,1,1
BRDA:191,1,0,2
BRDA:191,1,1,16
BRDA:192,1,0,2
BRDA:192,1,1,16
BRDA:198,1,0,17
BRDA:198,1,1,11
BRDA:199,1,0,0
BRDA:199,1,1,18
BRDA:200,1,0,14
BRDA:200,1,1,4
BRDA:213,1,0,17
BRDA:213,1,1,1
BRDA:202,2,0,0
BRDA:202,2,1,4
BRDA:208,3,0,0
BRDA:208,3,1,1
BRDA:222,4,0,10
BRDA:222,4,1,7
BRDA:234,4,0,7
BRDA:234,4,1,7
BRDA:236,4,0,6
BRDA:236,4,1,1
BRDA:239,4,0,0
BRDA:239,4,1,7
BRDA:245,4,0,2
BRDA:245,4,1,5
BRDA:248,4,0,0
BRDA:248,4,1,2
BRDA:250,4,0,1
BRDA:250,4,1,1
BRDA:251,4,0,5
BRDA:251,4,1,2
BRDA:253,4,0,1
BRDA:253,4,1,1
BRDA:254,4,0,1
BRDA:254,4,1,1
BRDA:270,4,0,0
BRDA:270,4,1,7
BRDA:274,4,0,2
BRDA:274,4,1,5
BRDA:285,4,0,5
BRDA:285,4,1,0
BRDA:285,4,2,2
BRDA:286,4,0,1
BRDA:286,4,1,1
BRDA:287,4,0,1
BRDA:287,4,1,1
BRDA:296,4,0,1
BRDA:296,4,1,1
BRDA:297,4,0,1
BRDA:297,4,1,1
BRDA:298,4,0,1
BRDA:298,4,1,1
BRDA:300,4,0,1
BRDA:300,4,1,1
BRDA:301,4,0,1
BRDA:301,4,1,1
BRDA:318,4,0,7
BRDA:318,4,1,10
BRDA:319,4,0,7
BRDA:319,4,1,10
BRDA:320,4,0,6
BRDA:320,4,1,11
BRDA:324,4,0,2
BRDA:324,4,1,15
BRDA:361,4,0,1
BRDA:361,4,1,1
BRDA:375,4,0,0
BRDA:375,4,1,2
BRDA:381,4,0,3
BRDA:381,4,1,3
BRDA:382,4,0,0
BRDA:382,4,1,3
BRDA:383,4,0,3
BRDA:383,4,1,14
BRDA:384,4,0,0
BRDA:384,4,1,3
BRDA:386,4,0,2
BRDA:386,4,1,1
BRDA:387,4,0,1
BRDA:387,4,1,1
BRDA:388,4,0,2
BRDA:388,4,1,1
BRDA:402,4,0,0
BRDA:402,4,1,2
BRDA:404,4,0,1
BRDA:404,4,1,1
BRDA:420,4,0,1
BRDA:420,4,1,1
BRDA:436,4,0,0
BRDA:436,4,1,2
BRDA:443,4,0,1
BRDA:443,4,1,16
BRDA:444,4,0,1
BRDA:444,4,1,16
BRDA:445,4,0,1
BRDA:445,4,1,16
BRDA:446,4,0,0
BRDA:446,4,1,1
BRDA:447,4,0,1
BRDA:447,4,1,16
BRDA:492,4,0,0
BRDA:492,4,1,1
BRDA:497,4,0,10
BRDA:497,4,1,7
BRDA:523,4,0,13
BRDA:523,4,1,4
BRDA:531,4,0,10
BRDA:531,4,1,3
BRDA:532,4,0,3
BRDA:532,4,1,10
BRDA:536,4,0,10
BRDA:536,4,1,3
BRDA:537,4,0,3
BRDA:537,4,1,10
BRDA:539,4,0,10
BRDA:539,4,1,3
BRDA:540,4,0,3
BRDA:540,4,1,10
BRDA:542,4,0,10
BRDA:542,4,1,3
BRDA:543,4,0,3
BRDA:543,4,1,10
BRDA:549,4,0,10
BRDA:549,4,1,3
BRDA:551,4,0,3
BRDA:551,4,1,10
BRDA:226,7,0,0
BRDA:226,7,1,12
BRDA:557,9,0,1
BRDA:557,9,1,5
BRDA:563,10,0,0
BRDA:563,10,1,4
BRDA:598,11,0,1
BRDA:598,11,1,16
BRDA:602,11,0,16
BRDA:602,11,1,1
BRDA:603,11,0,1
BRDA:603,11,1,16
BRDA:607,11,0,15
BRDA:607,11,1,2
BRDA:610,11,0,0
BRDA:610,11,1,17
BRDA:613,11,0,0
BRDA:613,11,1,17
BRDA:624,11,0,15
BRDA:624,11,1,2
BRDA:630,11,0,1
BRDA:630,11,1,14
BRDA:632,11,0,14
BRDA:632,11,1,1
BRDA:633,11,0,0
BRDA:633,11,1,15
BRDA:634,11,0,14
BRDA:634,11,1,3
BRDA:643,11,0,1
BRDA:643,11,1,13
BRDA:647,11,0,13
BRDA:647,11,1,1
BRDA:648,11,0,0
BRDA:648,11,1,14
BRDA:649,11,0,13
BRDA:649,11,1,4
BRDA:652,11,0,0
BRDA:652,11,1,17
BRDA:655,11,0,6
BRDA:655,11,1,11
BRDA:665,11,0,1
BRDA:665,11,1,5
BRDA:670,11,0,12
BRDA:670,11,1,5
BRDA:678,11,0,1
BRDA:678,11,1,16
BRDA:682,11,0,11
BRDA:682,11,1,6
BRDA:683,11,0,0
BRDA:683,11,1,17
BRDA:691,11,0,4
BRDA:691,11,1,13
BRDA:701,11,0,1
BRDA:701,11,1,3
BRDA:706,11,0,10
BRDA:706,11,1,7
BRDA:711,11,0,0
BRDA:711,11,1,17
BRDA:714,11,0,3
BRDA:714,11,1,14
BRDA:723,11,0,1
BRDA:723,11,1,2
BRDA:728,11,0,9
BRDA:728,11,1,8
BRDA:740,11,0,1
BRDA:740,11,1,16
BRDA:744,11,0,8
BRDA:744,11,1,9
BRDA:758,26,0,19
BRDA:758,26,1,1
BRDA:779,27,0,16
BRDA:779,27,1,1
BRDA:908,35,0,0
BRDA:908,35,1,8
BRDA:912,35,0,0
BRDA:912,35,1,8
BRDA:914,35,0,0
BRDA:914,35,1,8
BRDA:920,36,0,3
BRDA:920,36,1,14
BRDA:921,36,0,1
BRDA:921,36,1,13
BRDA:922,36,0,11
BRDA:922,36,1,2
BRDA:923,36,0,1
BRDA:923,36,1,16
BRDA:933,37,0,0
BRDA:933,37,1,17
BRDA:934,37,0,0
BRDA:934,37,1,17
BRDA:939,39,0,2
BRDA:939,39,1,2
BRDA:943,40,0,11
BRDA:943,40,1,6
BRDA:948,42,0,24
BRDA:948,42,1,15
BRDA:953,43,0,0
BRDA:953,43,1,7
BRF:232
BRH:203
DA:1,1
DA:107,1
DA:108,1
DA:110,1
DA:111,1
DA:112,1
DA:113,1
DA:114,1
DA:115,1
DA:116,1
DA:118,1
DA:119,1
DA:120,1
DA:121,1
DA:122,1
DA:123,1
DA:124,1
DA:125,1
DA:127,1
DA:132,1
DA:133,18
DA:134,18
DA:135,18
DA:136,18
DA:138,18
DA:139,18
DA:140,18
DA:141,18
DA:142,18
DA:143,18
DA:144,18
DA:145,18
DA:146,18
DA:147,18
DA:148,18
DA:150,18
DA:151,18
DA:152,18
DA:153,18
DA:154,18
DA:155,18
DA:156,18
DA:157,18
DA:158,18
DA:159,18
DA:160,18
DA:161,18
DA:162,18
DA:163,18
DA:164,18
DA:165,18
DA:166,18
DA:167,18
DA:168,18
DA:169,18
DA:170,18
DA:171,18
DA:172,18
DA:173,18
DA:174,18
DA:175,18
DA:177,18
DA:178,18
DA:179,18
DA:180,18
DA:181,18
DA:182,18
DA:183,18
DA:184,18
DA:185,18
DA:186,86
DA:187,1
DA:188,1
DA:189,86
DA:191,18
DA:192,18
DA:193,18
DA:194,18
DA:195,18
DA:196,18
DA:197,18
DA:198,18
DA:199,18
DA:200,18
DA:201,18
DA:202,18
DA:203,18
DA:205,18
DA:206,18
DA:207,18
DA:208,18
DA:209,18
DA:211,18
DA:213,18
DA:214,17
DA:215,18
DA:217,17
DA:218,17
DA:220,17
DA:221,17
DA:222,17
DA:223,17
DA:224,17
DA:225,17
DA:226,17
DA:227,17
DA:228,17
DA:229,17
DA:231,17
DA:232,17
DA:234,17
DA:235,7
DA:236,7
DA:237,7
DA:238,7
DA:239,7
DA:241,7
DA:242,7
DA:243,7
DA:244,7
DA:245,7
DA:246,2
DA:247,2
DA:248,2
DA:249,2
DA:250,2
DA:251,7
DA:252,2
DA:253,2
DA:254,2
DA:255,2
DA:256,2
DA:257,2
DA:259,7
DA:260,7
DA:261,7
DA:262,7
DA:263,7
DA:264,7
DA:265,7
DA:266,7
DA:267,7
DA:268,7
DA:269,7
DA:270,7
DA:271,7
DA:272,7
DA:273,7
DA:274,7
DA:275,7
DA:276,7
DA:277,7
DA:278,7
DA:279,7
DA:280,7
DA:281,7
DA:282,7
DA:283,7
DA:285,7
DA:286,2
DA:287,2
DA:288,2
DA:289,2
DA:290,2
DA:291,2
DA:292,2
DA:293,2
DA:294,2
DA:295,2
DA:296,2
DA:297,2
DA:298,2
DA:299,2
DA:300,2
DA:301,2
DA:302,2
DA:303,2
DA:304,2
DA:305,2
DA:306,2
DA:307,2
DA:308,2
DA:309,2
DA:310,2
DA:311,2
DA:312,2
DA:314,2
DA:315,7
DA:317,17
DA:318,17
DA:319,17
DA:320,17
DA:321,17
DA:322,17
DA:323,17
DA:324,17
DA:325,2
DA:326,2
DA:327,2
DA:328,2
DA:329,2
DA:330,2
DA:331,2
DA:332,2
DA:333,2
DA:334,2
DA:335,2
DA:336,2
DA:337,2
DA:338,2
DA:339,2
DA:340,2
DA:341,2
DA:342,2
DA:343,2
DA:344,2
DA:345,2
DA:346,2
DA:347,2
DA:348,2
DA:349,2
DA:350,2
DA:351,2
DA:352,2
DA:354,2
DA:355,2
DA:356,2
DA:357,2
DA:358,2
DA:359,2
DA:360,2
DA:361,2
DA:362,2
DA:363,2
DA:364,2
DA:365,2
DA:366,2
DA:367,2
DA:368,2
DA:369,2
DA:370,2
DA:371,2
DA:372,2
DA:373,2
DA:374,2
DA:375,0
DA:376,2
DA:378,2
DA:380,17
DA:381,17
DA:382,17
DA:383,17
DA:384,3
DA:385,3
DA:386,3
DA:387,3
DA:388,3
DA:389,2
DA:390,2
DA:391,2
DA:392,2
DA:393,2
DA:394,2
DA:395,2
DA:396,2
DA:397,2
DA:398,2
DA:399,2
DA:400,2
DA:401,2
DA:402,2
DA:403,2
DA:404,2
DA:405,2
DA:406,2
DA:407,2
DA:408,2
DA:409,2
DA:410,2
DA:411,2
DA:413,2
DA:414,2
DA:415,2
DA:416,2
DA:417,2
DA:418,2
DA:419,2
DA:420,2
DA:421,2
DA:422,2
DA:423,2
DA:424,2
DA:425,2
DA:426,2
DA:427,2
DA:428,2
DA:429,2
DA:430,2
DA:431,2
DA:432,2
DA:434,2
DA:435,2
DA:436,0
DA:437,2
DA:439,2
DA:440,3
DA:442,17
DA:443,17
DA:444,17
DA:445,17
DA:446,17
DA:447,17
DA:448,1
DA:449,1
DA:450,1
DA:451,1
DA:452,1
DA:453,1
DA:454,1
DA:455,1
DA:456,1
DA:457,1
DA:458,1
DA:459,1
DA:460,1
DA:461,1
DA:462,1
DA:463,1
DA:464,1
DA:465,1
DA:466,1
DA:467,1
DA:468,1
DA:469,1
DA:470,1
DA:472,1
DA:473,1
DA:474,1
DA:475,1
DA:476,1
DA:477,1
DA:478,1
DA:479,1
DA:480,1
DA:481,1
DA:482,1
DA:483,1
DA:484,1
DA:485,1
DA:486,1
DA:487,1
DA:488,1
DA:489,1
DA:490,1
DA:491,1
DA:492,0
DA:493,1
DA:495,1
DA:497,17
DA:498,10
DA:499,10
DA:500,10
DA:501,10
DA:502,10
DA:503,10
DA:504,10
DA:505,10
DA:506,10
DA:507,10
DA:508,10
DA:509,10
DA:510,10
DA:511,10
DA:512,10
DA:513,10
DA:514,10
DA:515,10
DA:516,10
DA:517,10
DA:518,10
DA:519,10
DA:521,10
DA:523,17
DA:524,13
DA:525,13
DA:526,13
DA:527,13
DA:528,13
DA:529,13
DA:530,13
DA:531,13
DA:532,13
DA:533,13
DA:534,13
DA:535,13
DA:536,13
DA:537,13
DA:538,13
DA:539,13
DA:540,13
DA:541,13
DA:542,13
DA:543,13
DA:544,13
DA:545,13
DA:546,13
DA:547,13
DA:548,13
DA:549,13
DA:550,13
DA:551,13
DA:552,13
DA:554,13
DA:556,17
DA:557,6
DA:558,5
DA:559,17
DA:560,17
DA:561,4
DA:562,4
DA:563,0
DA:564,4
DA:565,17
DA:567,17
DA:568,17
DA:569,17
DA:570,17
DA:571,17
DA:572,17
DA:573,17
DA:575,17
DA:576,17
DA:577,17
DA:578,17
DA:580,17
DA:581,17
DA:583,17
DA:584,17
DA:585,17
DA:586,17
DA:587,17
DA:588,17
DA:589,17
DA:590,17
DA:591,17
DA:592,17
DA:593,17
DA:594,17
DA:595,17
DA:596,17
DA:598,17
DA:599,1
DA:600,1
DA:602,1
DA:603,17
DA:604,1
DA:605,1
DA:607,1
DA:609,17
DA:610,17
DA:612,17
DA:613,17
DA:616,17
DA:617,17
DA:619,17
DA:620,17
DA:623,17
DA:624,17
DA:625,15
DA:626,15
DA:627,15
DA:628,15
DA:629,15
DA:630,15
DA:631,1
DA:632,1
DA:633,15
DA:634,15
DA:636,14
DA:637,14
DA:638,14
DA:639,14
DA:640,14
DA:641,14
DA:642,14
DA:643,14
DA:644,1
DA:645,1
DA:647,1
DA:648,14
DA:649,14
DA:651,13
DA:652,17
DA:653,17
DA:654,17
DA:655,17
DA:656,6
DA:657,6
DA:658,6
DA:659,6
DA:660,6
DA:661,6
DA:662,6
DA:663,6
DA:664,6
DA:665,6
DA:666,1
DA:667,1
DA:669,1
DA:670,6
DA:672,12
DA:673,12
DA:674,12
DA:675,12
DA:676,12
DA:677,12
DA:678,17
DA:679,1
DA:680,1
DA:682,1
DA:683,17
DA:684,17
DA:685,17
DA:686,17
DA:687,17
DA:688,17
DA:690,17
DA:691,17
DA:692,4
DA:693,4
DA:694,4
DA:695,4
DA:696,4
DA:697,4
DA:698,4
DA:699,4
DA:700,4
DA:701,4
DA:702,1
DA:703,1
DA:705,1
DA:706,4
DA:708,10
DA:709,10
DA:711,17
DA:712,17
DA:713,17
DA:714,17
DA:715,3
DA:716,3
DA:717,3
DA:718,3
DA:719,3
DA:720,3
DA:721,3
DA:722,3
DA:723,3
DA:724,1
DA:725,1
DA:727,1
DA:728,3
DA:730,9
DA:731,9
DA:732,9
DA:733,9
DA:734,9
DA:735,9
DA:736,9
DA:737,9
DA:738,9
DA:739,9
DA:740,17
DA:741,1
DA:742,1
DA:744,1
DA:746,8
DA:747,8
DA:748,8
DA:749,8
DA:750,8
DA:751,8
DA:752,17
DA:754,20
DA:755,20
DA:756,20
DA:758,20
DA:759,1
DA:760,1
DA:761,1
DA:762,1
DA:763,1
DA:764,1
DA:765,1
DA:766,1
DA:767,1
DA:768,1
DA:769,1
DA:770,1
DA:771,1
DA:772,1
DA:773,20
DA:775,17
DA:776,17
DA:777,17
DA:779,17
DA:780,1
DA:781,1
DA:782,1
DA:783,1
DA:784,1
DA:785,1
DA:786,1
DA:787,17
DA:789,22
DA:807,22
DA:808,22
DA:809,22
DA:810,22
DA:811,22
DA:812,22
DA:813,22
DA:814,22
DA:815,22
DA:816,22
DA:817,22
DA:818,22
DA:819,22
DA:820,22
DA:821,22
DA:822,22
DA:823,22
DA:824,22
DA:825,22
DA:826,22
DA:827,22
DA:828,22
DA:829,22
DA:830,22
DA:831,22
DA:832,22
DA:833,22
DA:834,22
DA:835,22
DA:836,22
DA:837,22
DA:838,22
DA:839,22
DA:840,22
DA:841,22
DA:843,20
DA:858,20
DA:859,20
DA:860,20
DA:861,20
DA:862,20
DA:864,20
DA:865,20
DA:866,20
DA:867,20
DA:868,20
DA:869,20
DA:870,20
DA:871,20
DA:872,20
DA:873,20
DA:874,20
DA:875,20
DA:876,20
DA:877,20
DA:878,20
DA:879,20
DA:880,20
DA:881,20
DA:882,20
DA:883,20
DA:884,20
DA:886,35
DA:887,35
DA:888,35
DA:890,52
DA:891,52
DA:892,52
DA:894,20
DA:895,20
DA:896,20
DA:898,37
DA:899,37
DA:900,37
DA:902,7
DA:903,7
DA:904,7
DA:906,8
DA:907,8
DA:908,0
DA:909,0
DA:910,8
DA:911,8
DA:912,0
DA:913,0
DA:914,0
DA:915,0
DA:916,8
DA:917,8
DA:919,17
DA:920,17
DA:921,17
DA:922,17
DA:923,17
DA:924,1
DA:925,17
DA:927,17
DA:928,17
DA:929,17
DA:930,17
DA:931,17
DA:932,17
DA:933,17
DA:934,17
DA:935,17
DA:937,4
DA:938,4
DA:939,4
DA:940,4
DA:942,17
DA:943,17
DA:944,6
DA:945,17
DA:947,39
DA:948,39
DA:949,39
DA:951,7
DA:952,7
DA:953,0
DA:954,7
DA:955,7
DA:957,18
DA:958,18
DA:959,18
DA:960,18
DA:962,22
DA:963,22
DA:964,22
DA:965,22
DA:967,42
DA:968,42
DA:969,42
DA:971,42
DA:972,42
DA:973,42
DA:974,42
DA:975,42
DA:976,42
DA:977,42
DA:978,42
DA:979,42
DA:980,42
DA:981,42
DA:982,42
DA:983,42
DA:984,42
LH:749
LF:760
end_of_record
SF:/Users/Bayramov_N/Desktop/Other/life-os/supabase/functions/_shared/date_range.ts
FN:11,parseLocalDateParam
FN:20,parseRequiredLocalDate
FN:29,parseLocalDateRange
FN:50,enumerateLocalDates
FN:60,safeTimeZone
FN:73,localDateToday
FN:82,pathnameTail
FN:93,isoFromDateOnly
FNDA:5,parseLocalDateParam
FNDA:2,parseRequiredLocalDate
FNDA:5,parseLocalDateRange
FNDA:1,enumerateLocalDates
FNDA:24,safeTimeZone
FNDA:2,localDateToday
FNDA:2,pathnameTail
FNDA:1,isoFromDateOnly
FNF:8
FNH:8
BRDA:15,1,0,3
BRDA:15,1,1,2
BRDA:16,1,0,2
BRDA:16,1,1,3
BRDA:17,1,0,2
BRDA:17,1,1,1
BRDA:25,2,0,1
BRDA:25,2,1,1
BRDA:34,3,0,0
BRDA:34,3,1,5
BRDA:35,3,0,4
BRDA:35,3,1,1
BRDA:36,3,0,4
BRDA:36,3,1,2
BRDA:36,3,2,3
BRDA:40,3,0,3
BRDA:40,3,1,1
BRDA:42,3,0,2
BRDA:42,3,1,3
BRDA:45,3,0,1
BRDA:45,3,1,4
BRDA:54,4,0,3
BRDA:61,5,0,22
BRDA:61,5,1,2
BRDA:62,5,0,3
BRDA:62,5,1,21
BRDA:68,5,0,1
BRDA:68,5,1,23
BRDA:87,7,0,1
BRDA:87,7,1,1
BRF:30
BRH:29
DA:1,2
DA:3,2
DA:11,2
DA:12,2
DA:13,2
DA:15,5
DA:16,5
DA:17,5
DA:18,5
DA:20,2
DA:21,2
DA:22,2
DA:24,2
DA:25,2
DA:26,1
DA:27,2
DA:29,2
DA:30,2
DA:31,2
DA:33,5
DA:34,5
DA:35,5
DA:36,5
DA:38,3
DA:39,3
DA:40,5
DA:41,1
DA:42,1
DA:44,2
DA:45,5
DA:47,1
DA:48,5
DA:50,2
DA:51,1
DA:52,1
DA:53,1
DA:54,1
DA:55,3
DA:56,3
DA:57,1
DA:58,1
DA:60,2
DA:61,24
DA:62,24
DA:63,21
DA:64,21
DA:65,21
DA:67,21
DA:68,24
DA:69,1
DA:70,1
DA:71,24
DA:73,2
DA:74,2
DA:75,2
DA:76,2
DA:77,2
DA:78,2
DA:79,2
DA:80,2
DA:82,2
DA:83,2
DA:84,2
DA:85,2
DA:87,2
DA:88,1
DA:89,1
DA:90,1
DA:91,2
DA:93,2
DA:94,1
DA:95,1
LH:72
LF:72
end_of_record
SF:/Users/Bayramov_N/Desktop/Other/life-os/supabase/functions/_shared/datetime.ts
FN:4,isLocalDate
FN:14,normalizeWallClockTime
FN:37,localDateInTimeZone
FN:47,utcOffsetMinutesAt
FN:77,representativeTimestampForLocalDate
FN:102,safeTimeZone
FNDA:5021,isLocalDate
FNDA:11027,normalizeWallClockTime
FNDA:7,localDateInTimeZone
FNDA:6,utcOffsetMinutesAt
FNDA:2,representativeTimestampForLocalDate
FNDA:18,safeTimeZone
FNF:6
FNH:6
BRDA:7,1,0,7
BRDA:7,1,1,5014
BRDA:10,1,0,4
BRDA:10,1,1,5010
BRDA:15,2,0,11
BRDA:15,2,1,11016
BRDA:17,2,0,1
BRDA:17,2,1,11015
BRDA:20,2,0,717
BRDA:20,2,1,11021
BRDA:20,2,2,10298
BRDA:24,2,0,5283
BRDA:24,2,1,5738
BRDA:26,2,0,10298
BRDA:26,2,1,10009
BRDA:26,2,2,10009
BRDA:26,2,3,10008
BRDA:26,2,4,10008
BRDA:28,2,0,291
BRDA:28,2,1,10736
BRDA:30,2,0,10007
BRDA:30,2,1,1020
BRDA:67,4,0,0
BRDA:67,4,1,6
BRDA:68,4,0,0
BRDA:68,4,1,6
BRDA:69,4,0,0
BRDA:69,4,1,6
BRDA:70,4,0,0
BRDA:70,4,1,6
BRDA:71,4,0,0
BRDA:71,4,1,6
BRDA:72,4,0,0
BRDA:72,4,1,6
BRDA:86,7,0,0
BRDA:86,7,1,2
BRDA:93,7,0,0
BRDA:93,7,1,2
BRDA:103,8,0,0
BRDA:103,8,1,18
BRDA:104,8,0,1
BRDA:104,8,1,17
BRDA:110,8,0,3
BRDA:110,8,1,15
BRF:44
BRH:35
DA:1,4
DA:2,4
DA:4,4
DA:5,5021
DA:6,5021
DA:7,5021
DA:9,5014
DA:10,5021
DA:11,5010
DA:12,5021
DA:14,4
DA:15,11027
DA:16,11016
DA:17,11027
DA:19,11015
DA:20,11027
DA:22,10298
DA:23,10298
DA:24,11027
DA:25,11027
DA:26,11027
DA:27,11027
DA:28,11027
DA:29,291
DA:30,291
DA:32,10007
DA:33,10007
DA:34,10007
DA:35,11027
DA:37,4
DA:38,7
DA:39,7
DA:40,7
DA:41,7
DA:42,7
DA:43,7
DA:44,7
DA:45,7
DA:47,4
DA:48,6
DA:49,6
DA:50,6
DA:51,6
DA:52,6
DA:53,6
DA:54,6
DA:55,6
DA:56,6
DA:57,6
DA:58,6
DA:59,6
DA:60,6
DA:61,6
DA:62,6
DA:63,36
DA:66,6
DA:67,6
DA:68,6
DA:69,6
DA:70,6
DA:71,6
DA:72,6
DA:74,6
DA:75,6
DA:77,4
DA:78,4
DA:79,4
DA:81,2
DA:82,2
DA:83,2
DA:84,2
DA:85,2
DA:86,0
DA:87,0
DA:88,0
DA:90,0
DA:91,0
DA:93,0
DA:94,0
DA:95,0
DA:96,0
DA:98,0
DA:99,2
DA:100,2
DA:102,4
DA:103,18
DA:104,18
DA:105,17
DA:106,17
DA:107,17
DA:109,17
DA:110,18
DA:111,3
DA:112,3
DA:113,18
LH:85
LF:95
end_of_record
SF:/Users/Bayramov_N/Desktop/Other/life-os/supabase/functions/_shared/export_builder.ts
FN:26,ensureExportReady
FN:135,fetchReadyExportArtifact
FN:175,fetchExportArtifact
FN:195,expireExport
FN:205,buildDownloadURL
FN:216,isExpired
FN:221,isoDateStamp
FN:225,exportFailureReason
FN:254,redactSensitiveFields
FN:274,buildExportPayload
FN:468,fetchMaybeSingle
FN:491,fetchAllByUserId
FN:503,fetchAllByIds
FN:527,fetchCountByUserId
FN:547,fetchAllPaged
FN:577,collectIds
FN:583,isMissingRelationError
FNDA:6,ensureExportReady
FNDA:3,fetchReadyExportArtifact
FNDA:6,fetchExportArtifact
FNDA:2,expireExport
FNDA:3,buildDownloadURL
FNDA:4,isExpired
FNDA:2,isoDateStamp
FNDA:1,exportFailureReason
FNDA:123,redactSensitiveFields
FNDA:3,buildExportPayload
FNDA:18,fetchMaybeSingle
FNDA:56,fetchAllByUserId
FNDA:10,fetchAllByIds
FNDA:2,fetchCountByUserId
FNDA:56,fetchAllPaged
FNDA:10,collectIds
FNDA:7,isMissingRelationError
FNF:17
FNH:17
BRDA:33,1,0,2
BRDA:33,1,1,4
BRDA:34,1,0,1
BRDA:34,1,1,1
BRDA:55,1,0,4
BRDA:55,1,1,2
BRDA:65,1,0,1
BRDA:65,1,1,5
BRDA:67,1,0,3
BRDA:67,1,1,3
BRDA:79,1,0,2
BRDA:79,1,1,4
BRDA:101,1,0,0
BRDA:101,1,1,6
BRDA:103,1,0,2
BRDA:103,1,1,4
BRDA:116,1,0,0
BRDA:116,1,1,6
BRDA:118,1,0,2
BRDA:118,1,1,4
BRDA:121,1,0,1
BRDA:121,1,1,5
BRDA:160,2,0,2
BRDA:160,2,1,1
BRDA:162,2,0,2
BRDA:162,2,1,1
BRDA:164,2,0,1
BRDA:164,2,1,2
BRDA:189,3,0,4
BRDA:189,3,1,2
BRDA:191,3,0,2
BRDA:191,3,1,4
BRDA:228,8,0,0
BRDA:228,8,1,1
BRDA:255,9,0,112
BRDA:255,9,1,11
BRDA:255,9,2,112
BRDA:256,9,0,66
BRDA:256,9,1,57
BRDA:258,9,0,46
BRDA:258,9,1,77
BRDA:259,9,0,29
BRDA:259,9,1,94
BRDA:262,9,0,124
BRDA:263,9,0,6
BRDA:263,9,1,6
BRDA:263,9,2,6
BRDA:265,9,0,118
BRDA:265,9,1,6
BRDA:270,9,0,17
BRDA:270,9,1,106
BRDA:292,10,0,2
BRDA:292,10,1,1
BRDA:478,11,0,13
BRDA:478,11,1,5
BRDA:482,11,0,3
BRDA:482,11,1,15
BRDA:483,11,0,2
BRDA:483,11,1,1
BRDA:485,11,0,1
BRDA:485,11,1,2
BRDA:487,11,0,10
BRDA:487,11,1,8
BRDA:488,11,0,9
BRDA:488,11,1,9
BRDA:511,14,0,0
BRDA:511,14,1,10
BRDA:537,16,0,1
BRDA:537,16,1,1
BRDA:540,16,0,0
BRDA:540,16,1,1
BRDA:542,16,0,1
BRDA:542,16,1,1
BRDA:544,16,0,0
BRDA:544,16,1,2
BRDA:560,17,0,3
BRDA:560,17,1,53
BRDA:563,17,0,0
BRDA:563,17,1,3
BRDA:565,17,0,53
BRDA:565,17,1,3
BRDA:567,17,0,0
BRDA:567,17,1,56
BRDA:569,17,0,53
BRDA:569,17,1,3
BRDA:571,17,0,0
BRDA:571,17,1,56
BRDA:586,21,0,1
BRDA:586,21,1,6
BRF:89
BRH:80
DA:3,1
DA:4,1
DA:26,1
DA:27,1
DA:28,1
DA:29,1
DA:30,1
DA:32,6
DA:33,6
DA:34,2
DA:35,1
DA:36,1
DA:37,1
DA:39,1
DA:40,1
DA:41,1
DA:42,1
DA:44,1
DA:45,1
DA:46,1
DA:47,1
DA:48,1
DA:49,1
DA:50,1
DA:51,1
DA:52,1
DA:53,1
DA:54,1
DA:55,1
DA:57,4
DA:58,4
DA:59,4
DA:60,4
DA:61,4
DA:62,4
DA:63,4
DA:65,6
DA:66,1
DA:67,1
DA:69,3
DA:70,3
DA:71,3
DA:72,3
DA:73,3
DA:74,3
DA:75,3
DA:76,3
DA:78,3
DA:79,3
DA:80,2
DA:81,2
DA:82,2
DA:83,2
DA:84,2
DA:85,2
DA:86,2
DA:88,2
DA:89,2
DA:90,2
DA:91,2
DA:92,2
DA:93,2
DA:94,2
DA:95,2
DA:96,2
DA:97,2
DA:98,2
DA:99,2
DA:101,0
DA:102,0
DA:103,0
DA:105,2
DA:106,2
DA:107,2
DA:108,2
DA:109,2
DA:110,2
DA:111,2
DA:112,2
DA:113,2
DA:114,2
DA:116,0
DA:117,0
DA:118,0
DA:120,2
DA:121,6
DA:122,1
DA:123,1
DA:124,1
DA:125,1
DA:126,1
DA:127,1
DA:128,1
DA:129,1
DA:130,1
DA:131,1
DA:132,1
DA:133,6
DA:135,1
DA:136,1
DA:137,1
DA:138,1
DA:139,1
DA:146,3
DA:147,3
DA:148,3
DA:149,3
DA:151,3
DA:152,3
DA:153,3
DA:154,3
DA:155,3
DA:158,3
DA:160,3
DA:161,1
DA:162,1
DA:164,3
DA:165,1
DA:166,1
DA:167,1
DA:169,1
DA:170,1
DA:171,1
DA:172,1
DA:173,3
DA:175,6
DA:176,6
DA:177,6
DA:178,6
DA:180,6
DA:181,6
DA:182,6
DA:183,6
DA:184,6
DA:185,6
DA:186,6
DA:187,6
DA:189,6
DA:190,4
DA:191,4
DA:192,2
DA:193,6
DA:195,2
DA:196,2
DA:197,2
DA:198,2
DA:199,2
DA:200,2
DA:201,2
DA:202,2
DA:203,2
DA:205,3
DA:206,3
DA:207,3
DA:208,3
DA:210,3
DA:211,3
DA:212,3
DA:213,3
DA:214,3
DA:216,4
DA:217,4
DA:218,4
DA:219,4
DA:221,2
DA:222,2
DA:223,2
DA:225,1
DA:226,1
DA:227,1
DA:228,1
DA:229,0
DA:230,1
DA:236,1
DA:237,1
DA:238,1
DA:239,1
DA:240,1
DA:241,1
DA:242,1
DA:243,1
DA:244,1
DA:245,1
DA:246,1
DA:247,1
DA:248,1
DA:249,1
DA:250,1
DA:252,1
DA:254,123
DA:255,123
DA:256,123
DA:257,66
DA:258,66
DA:259,123
DA:260,29
DA:261,29
DA:262,29
DA:263,124
DA:264,6
DA:265,124
DA:266,118
DA:267,118
DA:268,124
DA:269,29
DA:270,29
DA:271,17
DA:272,123
DA:274,3
DA:275,3
DA:276,3
DA:278,3
DA:279,3
DA:280,3
DA:281,3
DA:282,3
DA:283,3
DA:284,3
DA:285,3
DA:286,3
DA:287,3
DA:288,3
DA:289,3
DA:290,3
DA:291,3
DA:292,3
DA:294,2
DA:295,2
DA:296,2
DA:297,2
DA:298,2
DA:299,2
DA:300,2
DA:301,2
DA:302,2
DA:303,2
DA:304,2
DA:305,2
DA:306,2
DA:307,2
DA:308,2
DA:309,2
DA:310,2
DA:311,2
DA:312,2
DA:313,2
DA:314,2
DA:315,2
DA:316,2
DA:317,2
DA:318,2
DA:319,2
DA:320,2
DA:321,2
DA:322,2
DA:323,2
DA:324,2
DA:325,2
DA:326,2
DA:327,2
DA:328,2
DA:329,2
DA:330,2
DA:331,2
DA:332,2
DA:333,2
DA:334,2
DA:335,2
DA:336,2
DA:337,2
DA:338,2
DA:339,2
DA:340,2
DA:341,2
DA:342,2
DA:343,2
DA:344,2
DA:345,2
DA:346,2
DA:347,2
DA:348,2
DA:349,2
DA:350,2
DA:351,2
DA:352,2
DA:354,2
DA:355,2
DA:356,2
DA:357,2
DA:358,2
DA:359,2
DA:360,2
DA:361,2
DA:362,2
DA:364,2
DA:365,2
DA:366,2
DA:367,2
DA:368,2
DA:370,2
DA:371,2
DA:372,2
DA:373,2
DA:374,2
DA:376,2
DA:377,2
DA:378,2
DA:379,2
DA:380,2
DA:382,2
DA:383,2
DA:384,2
DA:385,2
DA:386,2
DA:388,2
DA:389,2
DA:390,2
DA:391,2
DA:394,2
DA:395,2
DA:396,2
DA:397,2
DA:398,2
DA:399,2
DA:400,2
DA:401,2
DA:402,2
DA:403,2
DA:404,2
DA:405,2
DA:406,2
DA:407,2
DA:408,2
DA:409,2
DA:410,2
DA:411,2
DA:412,2
DA:413,2
DA:414,2
DA:415,2
DA:416,2
DA:417,2
DA:418,2
DA:419,2
DA:420,2
DA:421,2
DA:422,2
DA:423,2
DA:424,2
DA:425,2
DA:426,2
DA:427,2
DA:428,2
DA:429,2
DA:430,2
DA:431,2
DA:432,2
DA:433,2
DA:434,2
DA:435,2
DA:436,2
DA:437,2
DA:438,2
DA:439,2
DA:440,2
DA:441,2
DA:442,2
DA:443,2
DA:444,2
DA:445,2
DA:446,2
DA:447,2
DA:448,2
DA:449,2
DA:450,2
DA:451,2
DA:452,2
DA:453,2
DA:454,2
DA:455,2
DA:456,2
DA:457,2
DA:458,2
DA:459,2
DA:460,2
DA:461,2
DA:465,2
DA:466,3
DA:468,18
DA:469,18
DA:470,18
DA:471,18
DA:472,18
DA:474,18
DA:475,18
DA:476,18
DA:477,18
DA:478,18
DA:479,13
DA:480,13
DA:482,18
DA:483,3
DA:484,2
DA:485,2
DA:486,1
DA:487,1
DA:488,18
DA:489,18
DA:491,56
DA:492,56
DA:493,56
DA:494,56
DA:496,56
DA:497,56
DA:498,56
DA:499,56
DA:501,56
DA:503,10
DA:504,10
DA:505,10
DA:506,10
DA:507,10
DA:509,10
DA:510,10
DA:511,10
DA:513,0
DA:514,0
DA:515,0
DA:516,0
DA:517,0
DA:518,0
DA:519,0
DA:520,0
DA:523,0
DA:524,0
DA:525,10
DA:527,2
DA:528,2
DA:529,2
DA:530,2
DA:532,2
DA:533,2
DA:534,2
DA:535,2
DA:537,2
DA:538,1
DA:539,1
DA:540,1
DA:541,0
DA:542,0
DA:544,2
DA:545,2
DA:547,56
DA:548,56
DA:549,56
DA:550,56
DA:552,56
DA:553,56
DA:555,56
DA:556,56
DA:557,56
DA:558,56
DA:560,56
DA:561,3
DA:562,3
DA:563,3
DA:564,0
DA:565,0
DA:567,56
DA:568,56
DA:569,56
DA:570,53
DA:571,53
DA:573,0
DA:574,0
DA:575,56
DA:577,10
DA:578,10
DA:579,10
DA:580,10
DA:581,10
DA:583,7
DA:584,7
DA:586,7
DA:587,7
DA:588,7
LH:463
LF:486
end_of_record
SF:/Users/Bayramov_N/Desktop/Other/life-os/supabase/functions/_shared/feature_flags.ts
FN:21,mergeResolvedFeatureFlags
FN:47,isFeatureFlagEnabled
FNDA:8,mergeResolvedFeatureFlags
FNDA:8,isFeatureFlagEnabled
FNF:2
FNH:2
BRDA:26,1,0,56
BRDA:34,1,0,1
BRDA:34,1,1,5
BRDA:38,1,0,4
BRDA:38,1,1,1
BRDA:52,3,0,7
BRDA:52,3,1,1
BRF:7
BRH:7
DA:1,2
DA:3,2
DA:4,2
DA:5,2
DA:6,2
DA:7,2
DA:8,2
DA:9,2
DA:10,2
DA:11,2
DA:21,2
DA:22,2
DA:24,8
DA:26,8
DA:27,56
DA:28,56
DA:29,56
DA:30,56
DA:31,56
DA:32,56
DA:34,8
DA:35,5
DA:36,5
DA:37,5
DA:38,5
DA:39,5
DA:40,5
DA:42,8
DA:43,8
DA:45,8
DA:47,2
DA:48,2
DA:49,2
DA:51,8
DA:52,8
DA:53,8
LH:36
LF:36
end_of_record
SF:/Users/Bayramov_N/Desktop/Other/life-os/supabase/functions/_shared/food_image_analysis.ts
FN:64,asTrimmedString
FN:71,clampNumber
FN:81,roundMacro
FN:85,cleanStringArray
FN:105,normalizeDetectedItem
FN:133,normalizeTotals
FN:147,inferTotalsFromItems
FN:159,localizedFallbackContextAnalysis
FN:178,parseAIJsonContent
FN:192,normalizeFoodImageAnalysis
FN:254,localizedNarrativeLanguage
FN:262,formatPromptValue
FN:266,buildFoodImageSystemPrompt
FN:312,buildFoodImageUserPrompt
FNDA:56,asTrimmedString
FNDA:64,clampNumber
FNDA:74,roundMacro
FNDA:19,cleanStringArray
FNDA:6,normalizeDetectedItem
FNDA:6,normalizeTotals
FNDA:6,inferTotalsFromItems
FNDA:6,localizedFallbackContextAnalysis
FNDA:12,parseAIJsonContent
FNDA:9,normalizeFoodImageAnalysis
FNDA:10,localizedNarrativeLanguage
FNDA:21,formatPromptValue
FNDA:10,buildFoodImageSystemPrompt
FNDA:7,buildFoodImageUserPrompt
FNF:14
FNH:14
BRDA:65,1,0,16
BRDA:65,1,1,40
BRDA:67,1,0,3
BRDA:67,1,1,37
BRDA:77,2,0,53
BRDA:77,2,1,13
BRDA:77,2,2,51
BRDA:90,4,0,6
BRDA:90,4,1,13
BRDA:93,4,0,24
BRDA:95,4,0,2
BRDA:95,4,1,22
BRDA:97,4,0,2
BRDA:97,4,1,20
BRDA:100,4,0,2
BRDA:100,4,1,22
BRDA:101,4,0,13
BRDA:101,4,1,6
BRDA:108,5,0,5
BRDA:108,5,1,1
BRDA:108,5,2,5
BRDA:111,5,0,1
BRDA:111,5,1,4
BRDA:113,5,0,0
BRDA:113,5,1,6
BRDA:115,5,0,3
BRDA:115,5,1,3
BRDA:116,5,0,1
BRDA:116,5,1,5
BRDA:134,6,0,4
BRDA:134,6,1,4
BRDA:135,6,0,2
BRDA:135,6,1,4
BRDA:164,13,0,4
BRDA:164,13,1,2
BRDA:165,13,0,3
BRDA:165,13,1,3
BRDA:167,13,0,2
BRDA:167,13,1,1
BRDA:172,13,0,1
BRDA:172,13,1,2
BRDA:174,13,0,2
BRDA:174,13,1,1
BRDA:183,14,0,1
BRDA:183,14,1,11
BRDA:187,14,0,4
BRDA:187,14,1,8
BRDA:196,15,0,7
BRDA:196,15,1,3
BRDA:196,15,2,8
BRDA:196,15,3,6
BRDA:199,15,0,5
BRDA:199,15,1,3
BRDA:203,15,0,1
BRDA:203,15,1,8
BRDA:209,15,0,4
BRDA:209,15,1,4
BRDA:210,15,0,2
BRDA:210,15,1,7
BRDA:212,15,0,4
BRDA:212,15,1,4
BRDA:213,15,0,2
BRDA:213,15,1,7
BRDA:215,15,0,4
BRDA:215,15,1,4
BRDA:216,15,0,2
BRDA:216,15,1,7
BRDA:218,15,0,4
BRDA:218,15,1,4
BRDA:219,15,0,2
BRDA:219,15,1,7
BRDA:221,15,0,4
BRDA:221,15,1,4
BRDA:222,15,0,2
BRDA:222,15,1,7
BRDA:226,15,0,3
BRDA:226,15,1,3
BRDA:228,15,0,3
BRDA:228,15,1,2
BRDA:229,15,0,4
BRDA:229,15,1,5
BRDA:234,15,0,6
BRDA:234,15,1,3
BRDA:255,18,0,4
BRDA:255,18,1,6
BRDA:256,18,0,6
BRDA:256,18,1,4
BRDA:257,18,0,1
BRDA:257,18,1,5
BRDA:257,18,2,3
BRDA:258,18,0,2
BRDA:258,18,1,1
BRDA:263,19,0,11
BRDA:263,19,1,11
BRDA:263,19,2,10
BRDA:321,21,0,1
BRDA:321,21,1,6
BRDA:322,21,0,2
BRDA:322,21,1,5
BRDA:325,21,0,2
BRDA:325,21,1,5
BRDA:326,21,0,2
BRDA:326,21,1,5
BRDA:327,21,0,5
BRDA:327,21,1,2
BRDA:333,21,0,2
BRDA:333,21,1,5
BRDA:338,21,0,3
BRDA:338,21,1,4
BRF:109
BRH:108
DA:53,2
DA:54,2
DA:55,2
DA:56,2
DA:57,2
DA:58,2
DA:59,2
DA:60,2
DA:62,2
DA:64,56
DA:65,56
DA:66,40
DA:67,56
DA:68,37
DA:69,56
DA:71,64
DA:72,64
DA:73,64
DA:74,64
DA:75,64
DA:77,64
DA:78,51
DA:79,64
DA:81,74
DA:82,74
DA:83,74
DA:85,19
DA:86,19
DA:87,19
DA:88,19
DA:90,19
DA:91,13
DA:92,13
DA:93,19
DA:94,24
DA:95,24
DA:96,22
DA:97,24
DA:98,20
DA:99,20
DA:100,24
DA:101,24
DA:102,13
DA:103,19
DA:105,6
DA:106,6
DA:108,6
DA:109,5
DA:110,5
DA:111,6
DA:113,6
DA:114,6
DA:115,6
DA:116,6
DA:117,6
DA:119,6
DA:120,6
DA:121,6
DA:122,6
DA:123,6
DA:124,6
DA:125,6
DA:126,6
DA:127,6
DA:128,6
DA:129,6
DA:130,6
DA:131,6
DA:133,6
DA:134,6
DA:135,6
DA:136,6
DA:138,6
DA:139,6
DA:140,6
DA:141,6
DA:142,6
DA:143,6
DA:144,6
DA:145,6
DA:147,6
DA:148,6
DA:150,6
DA:151,6
DA:152,6
DA:153,6
DA:154,6
DA:155,6
DA:156,6
DA:157,6
DA:159,6
DA:160,6
DA:161,6
DA:162,6
DA:164,6
DA:165,6
DA:166,3
DA:167,3
DA:168,1
DA:169,1
DA:170,2
DA:171,2
DA:172,3
DA:173,1
DA:174,1
DA:175,2
DA:176,6
DA:178,2
DA:179,12
DA:180,12
DA:181,12
DA:182,12
DA:183,12
DA:185,11
DA:186,11
DA:187,12
DA:188,4
DA:189,4
DA:190,12
DA:192,2
DA:193,2
DA:194,2
DA:196,9
DA:197,6
DA:199,9
DA:200,9
DA:201,9
DA:202,9
DA:203,9
DA:204,9
DA:206,9
DA:207,9
DA:208,9
DA:209,9
DA:210,9
DA:211,9
DA:212,9
DA:213,9
DA:214,9
DA:215,9
DA:216,9
DA:217,9
DA:218,9
DA:219,9
DA:220,9
DA:221,9
DA:222,9
DA:223,9
DA:224,9
DA:226,9
DA:227,9
DA:228,9
DA:229,9
DA:230,9
DA:232,9
DA:233,9
DA:234,9
DA:235,9
DA:236,9
DA:237,9
DA:238,9
DA:241,9
DA:243,9
DA:244,9
DA:245,9
DA:246,9
DA:247,9
DA:248,9
DA:249,9
DA:250,9
DA:251,9
DA:252,9
DA:254,10
DA:255,10
DA:256,10
DA:257,10
DA:258,5
DA:259,1
DA:260,10
DA:262,21
DA:263,21
DA:264,21
DA:266,2
DA:267,10
DA:268,10
DA:275,10
DA:309,10
DA:310,10
DA:312,2
DA:313,2
DA:315,7
DA:316,7
DA:317,7
DA:318,7
DA:319,7
DA:320,7
DA:321,7
DA:322,7
DA:323,7
DA:324,7
DA:325,7
DA:326,7
DA:327,7
DA:328,7
DA:330,7
DA:332,7
DA:333,7
DA:334,2
DA:335,2
DA:337,7
DA:338,7
DA:339,3
DA:340,3
DA:342,7
DA:343,7
DA:344,7
LH:216
LF:216
end_of_record
SF:/Users/Bayramov_N/Desktop/Other/life-os/supabase/functions/_shared/foods_provider.ts
FN:168,<instance_members_initializer>
FN:171,FoodsError
FN:179,createSupabaseFoodsRepository
FN:183,listFavoriteRefs
FN:195,listRecentRefs
FN:209,searchCustomFoods
FN:224,searchCatalogFoods
FN:238,findCustomFoodByBarcode
FN:253,findCatalogFoodByBarcode
FN:268,upsertCatalogFood
FN:302,defaultFoodsProvider
FN:306,searchFoods
FN:387,lookupFoodByBarcode
FN:483,isFoodsProviderSearchEnabled
FN:490,isFoodsProviderBarcodeEnabled
FN:497,isBarcodeCode
FN:502,escapeIlike
FN:506,readBooleanEnv
FN:512,toCustomSearchCandidate
FN:541,toCatalogSearchCandidate
FN:572,toCustomBarcodeResponse
FN:587,toCatalogBarcodeResponse
FN:602,toMacros
FN:617,tagsFor
FN:630,scoreFor
FN:666,distinctByResultKey
FN:676,isCacheFresh
FN:683,enrichProviderSearch
FN:713,<instance_members_initializer>
FN:718,OpenFoodFactsProvider
FN:733,lookupBarcode
FN:780,search
FN:833,fetchJson
FN:873,normalizeOpenFoodFactsProduct
FN:942,normalizeNutriments
FN:1075,readCaloriesKcal
FN:1090,readSodiumMgPer100g
FN:1104,calorieMismatch
FN:1112,scaleNumber
FN:1117,scaleOptionalNumber
FN:1125,readPositiveIntegerEnv
FN:1131,ensureTrailingSlash
FN:1135,buildProviderHeaders
FN:1150,normalizeLocale
FN:1157,localeLanguage
FN:1164,normalizeBrand
FN:1170,parseServingSizeGrams
FN:1182,readString
FN:1192,readNumber
FN:1205,round1
FN:1209,firstNonEmptyString
FN:1218,isObject
FN:1222,toErrorMessage
FNDA:23,<instance_members_initializer>
FNDA:23,FoodsError
FNDA:14,createSupabaseFoodsRepository
FNDA:20,listFavoriteRefs
FNDA:20,listRecentRefs
FNDA:20,searchCustomFoods
FNDA:20,searchCatalogFoods
FNDA:3,findCustomFoodByBarcode
FNDA:3,findCatalogFoodByBarcode
FNDA:2,upsertCatalogFood
FNDA:11,defaultFoodsProvider
FNDA:24,searchFoods
FNDA:8,lookupFoodByBarcode
FNDA:4,isFoodsProviderSearchEnabled
FNDA:8,isFoodsProviderBarcodeEnabled
FNDA:4,isBarcodeCode
FNDA:43,escapeIlike
FNDA:24,readBooleanEnv
FNDA:26,toCustomSearchCandidate
FNDA:15,toCatalogSearchCandidate
FNDA:1,toCustomBarcodeResponse
FNDA:3,toCatalogBarcodeResponse
FNDA:45,toMacros
FNDA:41,tagsFor
FNDA:41,scoreFor
FNDA:22,distinctByResultKey
FNDA:2,isCacheFresh
FNDA:15,enrichProviderSearch
FNDA:11,<instance_members_initializer>
FNDA:11,OpenFoodFactsProvider
FNDA:2,lookupBarcode
FNDA:15,search
FNDA:17,fetchJson
FNDA:7,normalizeOpenFoodFactsProduct
FNDA:6,normalizeNutriments
FNDA:9,readCaloriesKcal
FNDA:9,readSodiumMgPer100g
FNDA:3,calorieMismatch
FNDA:6,scaleNumber
FNDA:8,scaleOptionalNumber
FNDA:22,readPositiveIntegerEnv
FNDA:17,ensureTrailingSlash
FNDA:17,buildProviderHeaders
FNDA:60,normalizeLocale
FNDA:7,localeLanguage
FNDA:4,normalizeBrand
FNDA:6,parseServingSizeGrams
FNDA:81,readString
FNDA:80,readNumber
FNDA:48,round1
FNDA:11,firstNonEmptyString
FNDA:25,isObject
FNDA:5,toErrorMessage
FNF:53
FNH:53
BRDA:172,2,0,0
BRDA:172,2,1,23
BRDA:189,4,0,2
BRDA:189,4,1,18
BRDA:191,4,0,18
BRDA:191,4,1,2
BRDA:192,4,0,1
BRDA:192,4,1,19
BRDA:203,5,0,2
BRDA:203,5,1,18
BRDA:205,5,0,18
BRDA:205,5,1,2
BRDA:206,5,0,1
BRDA:206,5,1,19
BRDA:218,6,0,2
BRDA:218,6,1,18
BRDA:220,6,0,18
BRDA:220,6,1,2
BRDA:221,6,0,1
BRDA:221,6,1,19
BRDA:232,7,0,2
BRDA:232,7,1,18
BRDA:234,7,0,18
BRDA:234,7,1,2
BRDA:235,7,0,1
BRDA:235,7,1,19
BRDA:247,8,0,1
BRDA:247,8,1,2
BRDA:249,8,0,2
BRDA:249,8,1,1
BRDA:262,9,0,1
BRDA:262,9,1,2
BRDA:264,9,0,2
BRDA:264,9,1,1
BRDA:294,10,0,1
BRDA:294,10,1,1
BRDA:318,12,0,0
BRDA:318,12,1,24
BRDA:328,12,0,23
BRDA:328,12,1,1
BRDA:334,12,0,1
BRDA:334,12,1,23
BRDA:335,12,0,0
BRDA:335,12,1,1
BRDA:337,12,0,23
BRDA:337,12,1,1
BRDA:349,12,0,22
BRDA:349,12,1,1
BRDA:350,12,0,22
BRDA:350,12,1,2
BRDA:351,12,0,21
BRDA:351,12,1,3
BRDA:353,12,0,15
BRDA:353,12,1,9
BRDA:362,12,0,13
BRDA:362,12,1,9
BRDA:363,12,0,2
BRDA:363,12,1,11
BRDA:367,12,0,9
BRDA:367,12,1,4
BRDA:368,12,0,6
BRDA:368,12,1,7
BRDA:369,12,0,0
BRDA:369,12,1,6
BRDA:372,12,0,1
BRDA:372,12,1,5
BRDA:376,12,0,22
BRDA:376,12,1,2
BRDA:379,16,0,4
BRDA:379,16,1,24
BRDA:403,18,0,4
BRDA:403,18,1,4
BRDA:405,18,0,5
BRDA:405,18,1,3
BRDA:408,18,0,1
BRDA:408,18,1,7
BRDA:413,18,0,7
BRDA:413,18,1,1
BRDA:419,18,0,2
BRDA:419,18,1,1
BRDA:424,18,0,6
BRDA:424,18,1,2
BRDA:429,18,0,5
BRDA:429,18,1,5
BRDA:431,18,0,3
BRDA:431,18,1,2
BRDA:432,18,0,2
BRDA:432,18,1,3
BRDA:439,18,0,1
BRDA:439,18,1,1
BRDA:446,18,0,3
BRDA:446,18,1,2
BRDA:448,18,0,1
BRDA:448,18,1,2
BRDA:450,18,0,2
BRDA:450,18,1,1
BRDA:455,18,0,0
BRDA:455,18,1,3
BRDA:459,18,0,4
BRDA:459,18,1,4
BRDA:465,18,0,1
BRDA:465,18,1,7
BRDA:470,18,0,3
BRDA:470,18,1,5
BRDA:472,18,0,1
BRDA:472,18,1,7
BRDA:474,18,0,2
BRDA:474,18,1,6
BRDA:476,18,0,1
BRDA:476,18,1,7
BRDA:437,19,0,0
BRDA:437,19,1,1
BRDA:498,22,0,3
BRDA:498,22,1,1
BRDA:498,22,2,3
BRDA:507,24,0,13
BRDA:507,24,1,11
BRDA:508,24,0,11
BRDA:508,24,1,13
BRDA:609,29,0,0
BRDA:609,29,1,45
BRDA:610,29,0,0
BRDA:610,29,1,45
BRDA:611,29,0,0
BRDA:611,29,1,45
BRDA:612,29,0,0
BRDA:612,29,1,45
BRDA:613,29,0,12
BRDA:613,29,1,33
BRDA:625,30,0,1
BRDA:625,30,1,40
BRDA:626,30,0,1
BRDA:626,30,1,40
BRDA:644,31,0,35
BRDA:644,31,1,6
BRDA:647,31,0,1
BRDA:647,31,1,40
BRDA:649,31,0,40
BRDA:649,31,1,1
BRDA:651,31,0,39
BRDA:651,31,1,25
BRDA:653,31,0,14
BRDA:653,31,1,12
BRDA:658,31,0,3
BRDA:658,31,1,1
BRDA:659,31,0,21
BRDA:659,31,1,20
BRDA:660,31,0,34
BRDA:660,31,1,7
BRDA:661,31,0,37
BRDA:661,31,1,4
BRDA:662,31,0,2
BRDA:662,31,1,39
BRDA:670,33,0,0
BRDA:670,33,1,41
BRDA:677,34,0,0
BRDA:677,34,1,2
BRDA:679,34,0,0
BRDA:679,34,1,2
BRDA:695,35,0,9
BRDA:695,35,1,6
BRDA:699,35,0,3
BRDA:699,35,1,12
BRDA:701,35,0,2
BRDA:701,35,1,1
BRDA:702,35,0,1
BRDA:702,35,1,2
BRDA:703,35,0,0
BRDA:703,35,1,1
BRDA:707,35,0,9
BRDA:707,35,1,6
BRDA:719,37,0,1
BRDA:719,37,1,10
BRDA:729,37,0,1
BRDA:729,37,1,10
BRDA:757,38,0,1
BRDA:757,38,1,1
BRDA:761,38,0,0
BRDA:761,38,1,1
BRDA:763,38,0,0
BRDA:763,38,1,2
BRDA:765,38,0,1
BRDA:765,38,1,1
BRDA:769,38,0,0
BRDA:769,38,1,2
BRDA:773,38,0,0
BRDA:773,38,1,2
BRDA:775,38,0,1
BRDA:775,38,1,1
BRDA:810,39,0,11
BRDA:810,39,1,4
BRDA:813,39,0,1
BRDA:813,39,1,14
BRDA:815,39,0,10
BRDA:815,39,1,5
BRDA:818,39,0,6
BRDA:818,39,1,9
BRDA:819,39,0,0
BRDA:819,39,1,6
BRDA:826,39,0,3
BRDA:826,39,1,3
BRDA:828,39,0,10
BRDA:828,39,1,5
BRDA:843,40,0,92
BRDA:852,40,0,13
BRDA:852,40,1,4
BRDA:853,40,0,4
BRDA:853,40,1,13
BRDA:855,40,0,13
BRDA:855,40,1,4
BRDA:857,40,0,0
BRDA:857,40,1,17
BRDA:863,40,0,13
BRDA:863,40,1,4
BRDA:867,40,0,1
BRDA:867,40,1,16
BRDA:879,41,0,1
BRDA:879,41,1,6
BRDA:882,41,0,0
BRDA:882,41,1,7
BRDA:884,41,0,0
BRDA:884,41,1,7
BRDA:889,41,0,6
BRDA:889,41,1,1
BRDA:891,41,0,6
BRDA:891,41,1,1
BRDA:896,41,0,0
BRDA:896,41,1,7
BRDA:897,41,0,0
BRDA:897,41,1,7
BRDA:899,41,0,6
BRDA:899,41,1,1
BRDA:906,41,0,2
BRDA:906,41,1,5
BRDA:908,41,0,4
BRDA:908,41,1,3
BRDA:910,41,0,1
BRDA:910,41,1,6
BRDA:911,41,0,3
BRDA:911,41,1,4
BRDA:912,41,0,2
BRDA:912,41,1,1
BRDA:913,41,0,1
BRDA:913,41,1,2
BRDA:924,41,0,1
BRDA:924,41,1,6
BRDA:974,42,0,2
BRDA:974,42,1,2
BRDA:974,42,2,2
BRDA:976,42,0,4
BRDA:976,42,1,2
BRDA:978,42,0,3
BRDA:978,42,1,1
BRDA:979,42,0,1
BRDA:979,42,1,3
BRDA:996,42,0,3
BRDA:996,42,1,3
BRDA:996,42,2,3
BRDA:996,42,3,3
BRDA:997,42,0,2
BRDA:997,42,1,4
BRDA:999,42,0,2
BRDA:999,42,1,4
BRDA:1034,42,0,5
BRDA:1034,42,1,5
BRDA:1034,42,2,1
BRDA:1036,42,0,5
BRDA:1036,42,1,1
BRDA:1038,42,0,4
BRDA:1038,42,1,4
BRDA:1038,42,2,4
BRDA:1040,42,0,1
BRDA:1040,42,1,5
BRDA:1042,42,0,4
BRDA:1042,42,1,2
BRDA:1045,42,0,0
BRDA:1045,42,1,6
BRDA:1047,42,0,4
BRDA:1047,42,1,2
BRDA:1051,42,0,4
BRDA:1051,42,1,3
BRDA:1053,42,0,1
BRDA:1053,42,1,5
BRDA:1056,42,0,3
BRDA:1056,42,1,3
BRDA:1058,42,0,4
BRDA:1058,42,1,2
BRDA:1066,42,0,0
BRDA:1066,42,1,4
BRDA:1068,42,0,1
BRDA:1068,42,1,3
BRDA:1069,42,0,1
BRDA:1069,42,1,3
BRDA:1082,43,0,5
BRDA:1082,43,1,4
BRDA:1086,43,0,4
BRDA:1086,43,1,0
BRDA:1096,44,0,0
BRDA:1096,44,1,9
BRDA:1099,44,0,3
BRDA:1099,44,1,6
BRDA:1113,46,0,0
BRDA:1113,46,1,6
BRDA:1121,47,0,1
BRDA:1121,47,1,7
BRDA:1126,48,0,2
BRDA:1126,48,1,20
BRDA:1128,48,0,2
BRDA:1128,48,1,0
BRDA:1132,49,0,0
BRDA:1132,49,1,17
BRDA:1144,50,0,7
BRDA:1144,50,1,10
BRDA:1151,51,0,38
BRDA:1151,51,1,22
BRDA:1152,51,0,0
BRDA:1152,51,1,60
BRDA:1153,51,0,0
BRDA:1153,51,1,22
BRDA:1159,52,0,0
BRDA:1159,52,1,7
BRDA:1160,52,0,0
BRDA:1160,52,1,7
BRDA:1161,52,0,0
BRDA:1161,52,1,7
BRDA:1165,53,0,1
BRDA:1165,53,1,3
BRDA:1166,53,0,0
BRDA:1166,53,1,4
BRDA:1167,53,0,3
BRDA:1167,53,1,0
BRDA:1171,54,0,2
BRDA:1171,54,1,4
BRDA:1176,54,0,1
BRDA:1176,54,1,3
BRDA:1178,54,0,0
BRDA:1178,54,1,3
BRDA:1187,55,0,50
BRDA:1187,55,1,31
BRDA:1189,55,0,0
BRDA:1189,55,1,81
BRDA:1197,56,0,23
BRDA:1197,56,1,23
BRDA:1197,56,2,57
BRDA:1198,56,0,50
BRDA:1198,56,1,7
BRDA:1200,56,0,0
BRDA:1200,56,1,7
BRDA:1202,56,0,0
BRDA:1202,56,1,80
BRDA:1212,58,0,25
BRDA:1213,58,0,8
BRDA:1213,58,1,8
BRDA:1214,58,0,3
BRDA:1214,58,1,8
BRDA:1225,60,0,0
BRDA:1225,60,1,5
BRF:357
BRH:314
DA:1,2
DA:2,2
DA:3,2
DA:4,2
DA:5,2
DA:6,2
DA:8,2
DA:9,2
DA:10,2
DA:11,2
DA:167,2
DA:168,2
DA:169,2
DA:171,2
DA:172,23
DA:173,23
DA:174,23
DA:175,23
DA:176,23
DA:177,2
DA:179,2
DA:180,2
DA:182,14
DA:183,14
DA:184,20
DA:185,20
DA:186,20
DA:187,20
DA:188,20
DA:189,20
DA:190,2
DA:191,2
DA:192,20
DA:193,14
DA:195,14
DA:196,20
DA:197,20
DA:198,20
DA:199,20
DA:200,20
DA:201,20
DA:202,20
DA:203,20
DA:204,2
DA:205,2
DA:206,20
DA:207,14
DA:209,14
DA:210,20
DA:211,20
DA:212,20
DA:213,20
DA:214,20
DA:215,20
DA:216,20
DA:217,20
DA:218,20
DA:219,2
DA:220,2
DA:221,20
DA:222,14
DA:224,14
DA:225,20
DA:226,20
DA:227,20
DA:228,20
DA:229,20
DA:230,20
DA:231,20
DA:232,20
DA:233,2
DA:234,2
DA:235,20
DA:236,14
DA:238,14
DA:239,3
DA:240,3
DA:241,3
DA:242,3
DA:244,3
DA:245,3
DA:246,3
DA:247,3
DA:248,1
DA:249,1
DA:250,2
DA:251,14
DA:253,14
DA:254,3
DA:255,3
DA:256,3
DA:257,3
DA:258,3
DA:259,3
DA:260,3
DA:261,3
DA:262,3
DA:263,1
DA:264,1
DA:265,2
DA:266,14
DA:268,14
DA:269,2
DA:270,2
DA:271,2
DA:272,2
DA:273,2
DA:274,2
DA:275,2
DA:276,2
DA:277,2
DA:278,2
DA:279,2
DA:280,2
DA:281,2
DA:282,2
DA:283,2
DA:284,2
DA:285,2
DA:286,2
DA:287,2
DA:288,2
DA:289,2
DA:290,2
DA:291,2
DA:292,2
DA:293,2
DA:294,2
DA:295,1
DA:296,1
DA:297,1
DA:298,2
DA:299,14
DA:300,14
DA:302,2
DA:303,11
DA:304,11
DA:306,2
DA:315,2
DA:316,24
DA:317,24
DA:318,24
DA:319,24
DA:320,24
DA:322,24
DA:323,24
DA:324,24
DA:325,24
DA:326,24
DA:327,24
DA:328,24
DA:330,23
DA:331,23
DA:333,23
DA:334,24
DA:335,0
DA:336,1
DA:337,1
DA:339,23
DA:340,23
DA:341,23
DA:343,23
DA:344,23
DA:346,23
DA:348,24
DA:349,24
DA:350,24
DA:351,24
DA:352,24
DA:353,24
DA:354,15
DA:355,15
DA:356,15
DA:357,15
DA:358,15
DA:359,15
DA:360,15
DA:361,15
DA:362,15
DA:363,13
DA:364,2
DA:365,2
DA:367,2
DA:368,13
DA:369,0
DA:370,0
DA:371,0
DA:372,6
DA:373,1
DA:374,1
DA:375,6
DA:376,15
DA:378,22
DA:379,22
DA:380,22
DA:381,22
DA:382,22
DA:384,22
DA:385,24
DA:387,2
DA:395,2
DA:396,8
DA:397,8
DA:398,8
DA:399,8
DA:400,8
DA:401,8
DA:402,8
DA:403,8
DA:404,8
DA:405,8
DA:407,8
DA:408,8
DA:409,1
DA:410,1
DA:411,1
DA:412,1
DA:413,1
DA:415,7
DA:416,7
DA:417,7
DA:419,8
DA:420,1
DA:421,1
DA:422,1
DA:423,1
DA:424,1
DA:426,6
DA:427,6
DA:429,8
DA:430,5
DA:431,5
DA:432,5
DA:433,2
DA:434,2
DA:435,1
DA:436,1
DA:437,1
DA:438,0
DA:439,0
DA:441,1
DA:442,1
DA:443,1
DA:444,1
DA:445,1
DA:446,5
DA:447,3
DA:448,3
DA:449,1
DA:450,3
DA:451,1
DA:452,1
DA:453,1
DA:454,1
DA:455,0
DA:456,0
DA:457,0
DA:458,3
DA:459,5
DA:461,4
DA:462,4
DA:463,4
DA:465,8
DA:466,1
DA:467,1
DA:468,1
DA:469,1
DA:470,1
DA:472,8
DA:473,1
DA:474,1
DA:476,8
DA:477,1
DA:478,1
DA:480,1
DA:481,8
DA:483,2
DA:484,4
DA:485,4
DA:486,4
DA:488,4
DA:490,2
DA:491,8
DA:492,8
DA:493,8
DA:495,8
DA:497,2
DA:498,4
DA:499,3
DA:500,4
DA:502,2
DA:503,43
DA:504,43
DA:506,24
DA:507,24
DA:508,24
DA:509,13
DA:510,24
DA:512,26
DA:513,26
DA:514,26
DA:515,26
DA:516,26
DA:518,26
DA:519,26
DA:520,26
DA:521,26
DA:522,26
DA:523,26
DA:524,26
DA:525,26
DA:526,26
DA:527,26
DA:528,26
DA:529,26
DA:530,26
DA:531,26
DA:532,26
DA:533,26
DA:534,26
DA:535,26
DA:536,26
DA:538,26
DA:539,26
DA:541,15
DA:542,15
DA:543,15
DA:544,15
DA:545,15
DA:546,15
DA:548,15
DA:549,15
DA:550,15
DA:551,15
DA:552,15
DA:553,15
DA:554,15
DA:555,15
DA:556,15
DA:557,15
DA:558,15
DA:559,15
DA:560,15
DA:561,15
DA:562,15
DA:563,15
DA:564,15
DA:565,15
DA:566,15
DA:567,15
DA:569,15
DA:570,15
DA:572,1
DA:573,1
DA:575,1
DA:576,1
DA:577,1
DA:578,1
DA:579,1
DA:580,1
DA:581,1
DA:582,1
DA:583,1
DA:584,1
DA:585,1
DA:587,3
DA:588,3
DA:589,3
DA:590,3
DA:591,3
DA:592,3
DA:593,3
DA:594,3
DA:595,3
DA:596,3
DA:597,3
DA:598,3
DA:599,3
DA:600,3
DA:602,45
DA:603,45
DA:606,45
DA:608,45
DA:609,45
DA:610,45
DA:611,45
DA:612,45
DA:613,45
DA:614,45
DA:615,45
DA:617,41
DA:618,41
DA:619,41
DA:620,41
DA:621,41
DA:623,41
DA:624,41
DA:625,41
DA:626,41
DA:627,41
DA:628,41
DA:630,41
DA:631,41
DA:632,41
DA:633,41
DA:634,41
DA:635,41
DA:636,41
DA:637,41
DA:638,41
DA:639,41
DA:641,41
DA:642,41
DA:643,41
DA:644,41
DA:646,41
DA:647,41
DA:648,1
DA:649,41
DA:650,1
DA:651,40
DA:652,25
DA:653,39
DA:654,12
DA:655,12
DA:657,41
DA:658,41
DA:659,41
DA:660,41
DA:661,41
DA:662,41
DA:663,41
DA:664,41
DA:666,22
DA:667,22
DA:668,22
DA:669,41
DA:670,0
DA:671,41
DA:672,41
DA:673,22
DA:674,22
DA:676,2
DA:677,0
DA:678,2
DA:679,0
DA:680,2
DA:681,2
DA:683,15
DA:690,15
DA:691,15
DA:692,15
DA:693,15
DA:694,15
DA:695,15
DA:698,9
DA:699,15
DA:700,3
DA:701,3
DA:702,3
DA:703,0
DA:704,0
DA:705,0
DA:706,1
DA:707,3
DA:709,9
DA:710,15
DA:712,2
DA:713,2
DA:714,11
DA:715,11
DA:716,2
DA:718,2
DA:719,11
DA:720,11
DA:721,11
DA:722,11
DA:723,11
DA:725,11
DA:726,11
DA:727,11
DA:729,11
DA:730,11
DA:731,11
DA:733,2
DA:734,2
DA:735,2
DA:736,2
DA:737,2
DA:738,2
DA:739,2
DA:740,2
DA:741,2
DA:742,2
DA:743,2
DA:744,2
DA:745,2
DA:746,2
DA:747,2
DA:748,2
DA:749,2
DA:750,2
DA:751,2
DA:752,2
DA:753,2
DA:754,2
DA:755,2
DA:756,2
DA:757,2
DA:760,0
DA:761,0
DA:762,0
DA:763,0
DA:764,0
DA:765,0
DA:767,2
DA:768,2
DA:769,2
DA:770,2
DA:771,2
DA:773,0
DA:774,0
DA:775,0
DA:777,1
DA:778,2
DA:780,2
DA:781,2
DA:782,2
DA:783,2
DA:784,2
DA:785,2
DA:786,15
DA:787,15
DA:788,15
DA:789,15
DA:790,15
DA:791,15
DA:792,15
DA:793,15
DA:794,15
DA:795,15
DA:796,15
DA:797,15
DA:798,15
DA:799,15
DA:800,15
DA:801,15
DA:802,15
DA:803,15
DA:804,15
DA:805,15
DA:806,15
DA:807,15
DA:808,15
DA:809,15
DA:810,15
DA:813,15
DA:814,1
DA:815,1
DA:817,10
DA:818,15
DA:819,0
DA:820,6
DA:821,6
DA:822,6
DA:823,6
DA:824,6
DA:826,6
DA:827,3
DA:828,3
DA:830,10
DA:831,15
DA:833,2
DA:834,2
DA:835,2
DA:836,2
DA:837,2
DA:838,2
DA:839,17
DA:840,17
DA:841,17
DA:843,17
DA:844,92
DA:845,92
DA:847,17
DA:848,17
DA:849,17
DA:850,17
DA:851,17
DA:852,17
DA:853,17
DA:854,4
DA:855,4
DA:857,0
DA:858,0
DA:859,0
DA:860,0
DA:861,0
DA:863,0
DA:865,13
DA:866,13
DA:867,17
DA:868,1
DA:869,1
DA:870,17
DA:871,2
DA:873,7
DA:874,7
DA:875,7
DA:876,7
DA:877,7
DA:879,7
DA:880,7
DA:881,7
DA:882,7
DA:883,7
DA:884,7
DA:885,7
DA:886,7
DA:889,7
DA:890,1
DA:891,1
DA:893,6
DA:894,6
DA:896,7
DA:897,0
DA:898,0
DA:899,0
DA:901,6
DA:902,6
DA:903,6
DA:904,6
DA:906,7
DA:907,2
DA:908,2
DA:910,7
DA:911,7
DA:912,7
DA:913,7
DA:914,7
DA:916,7
DA:917,7
DA:918,7
DA:919,7
DA:920,7
DA:921,7
DA:922,7
DA:923,7
DA:924,7
DA:925,7
DA:926,7
DA:927,7
DA:928,7
DA:930,7
DA:931,7
DA:932,7
DA:933,7
DA:934,7
DA:935,7
DA:936,7
DA:937,7
DA:938,7
DA:939,7
DA:940,7
DA:942,6
DA:943,6
DA:944,6
DA:945,6
DA:947,6
DA:948,6
DA:949,6
DA:950,6
DA:951,6
DA:952,6
DA:953,6
DA:954,6
DA:955,6
DA:957,6
DA:958,6
DA:959,6
DA:960,6
DA:961,6
DA:964,6
DA:965,6
DA:966,6
DA:967,6
DA:968,6
DA:969,6
DA:970,6
DA:971,6
DA:973,6
DA:974,6
DA:975,6
DA:976,6
DA:977,4
DA:978,4
DA:979,4
DA:980,1
DA:981,1
DA:982,1
DA:983,1
DA:984,1
DA:985,1
DA:986,1
DA:987,1
DA:988,1
DA:989,1
DA:990,1
DA:992,1
DA:993,4
DA:995,6
DA:996,6
DA:997,6
DA:998,6
DA:999,6
DA:1000,2
DA:1001,2
DA:1002,2
DA:1003,2
DA:1005,2
DA:1006,2
DA:1007,2
DA:1008,2
DA:1010,2
DA:1011,2
DA:1012,2
DA:1014,2
DA:1015,2
DA:1016,2
DA:1018,2
DA:1019,2
DA:1020,2
DA:1022,2
DA:1023,2
DA:1024,2
DA:1025,2
DA:1026,2
DA:1027,2
DA:1029,2
DA:1031,2
DA:1032,2
DA:1034,6
DA:1035,1
DA:1036,1
DA:1037,6
DA:1038,6
DA:1039,6
DA:1040,6
DA:1041,1
DA:1042,1
DA:1044,4
DA:1045,0
DA:1046,0
DA:1047,0
DA:1049,4
DA:1050,6
DA:1051,6
DA:1052,6
DA:1053,6
DA:1054,1
DA:1055,1
DA:1056,6
DA:1057,3
DA:1058,3
DA:1060,4
DA:1061,4
DA:1062,4
DA:1063,4
DA:1064,4
DA:1065,4
DA:1066,6
DA:1067,6
DA:1068,6
DA:1069,6
DA:1070,6
DA:1071,6
DA:1072,6
DA:1073,6
DA:1075,9
DA:1076,9
DA:1077,9
DA:1078,9
DA:1079,9
DA:1081,9
DA:1082,9
DA:1084,9
DA:1085,9
DA:1086,9
DA:1087,0
DA:1088,9
DA:1090,9
DA:1091,9
DA:1092,9
DA:1093,9
DA:1095,9
DA:1096,0
DA:1098,9
DA:1099,9
DA:1101,6
DA:1102,9
DA:1104,3
DA:1105,3
DA:1106,3
DA:1108,3
DA:1109,3
DA:1110,3
DA:1112,6
DA:1113,0
DA:1114,6
DA:1115,6
DA:1117,8
DA:1118,8
DA:1119,8
DA:1121,8
DA:1122,7
DA:1123,8
DA:1125,22
DA:1126,22
DA:1127,22
DA:1128,22
DA:1129,22
DA:1131,17
DA:1132,17
DA:1133,17
DA:1135,17
DA:1136,17
DA:1137,17
DA:1139,17
DA:1140,17
DA:1141,17
DA:1142,17
DA:1143,17
DA:1144,17
DA:1145,7
DA:1146,7
DA:1147,17
DA:1148,17
DA:1150,60
DA:1151,60
DA:1152,60
DA:1153,0
DA:1154,22
DA:1155,60
DA:1157,7
DA:1158,7
DA:1159,0
DA:1160,7
DA:1161,7
DA:1162,7
DA:1164,4
DA:1165,4
DA:1166,4
DA:1167,4
DA:1168,4
DA:1170,6
DA:1171,6
DA:1172,4
DA:1173,4
DA:1174,4
DA:1176,6
DA:1177,3
DA:1178,0
DA:1179,3
DA:1180,6
DA:1182,81
DA:1183,81
DA:1184,81
DA:1186,81
DA:1187,81
DA:1188,31
DA:1189,81
DA:1190,81
DA:1192,80
DA:1193,80
DA:1194,80
DA:1196,80
DA:1197,80
DA:1198,80
DA:1199,7
DA:1200,0
DA:1201,7
DA:1202,80
DA:1203,80
DA:1205,48
DA:1206,48
DA:1207,48
DA:1209,11
DA:1210,11
DA:1212,11
DA:1213,25
DA:1214,25
DA:1215,3
DA:1216,11
DA:1218,25
DA:1219,25
DA:1220,25
DA:1222,5
DA:1223,5
DA:1224,5
DA:1225,5
DA:1226,0
DA:1227,5
LH:857
LF:902
end_of_record
SF:/Users/Bayramov_N/Desktop/Other/life-os/supabase/functions/_shared/medical_scan_privacy.ts
FN:34,loadMedicalScanPrivacySettings
FN:54,computeMedicalScanScheduledDeletionAt
FN:64,pruneExpiredMedicalScanArtifacts
FN:117,enforceMedicalScanPrivacyState
FN:171,removeMedicalScanStorageObjects
FN:211,normalizeMedicalScanStorageObjectPaths
FN:225,normalizeMedicalScanStoragePath
FN:239,extractStorageObjectPath
FN:270,sanitizeStorageObjectPath
FN:290,chunkArray
FNDA:3,loadMedicalScanPrivacySettings
FNDA:3,computeMedicalScanScheduledDeletionAt
FNDA:5,pruneExpiredMedicalScanArtifacts
FNDA:6,enforceMedicalScanPrivacyState
FNDA:8,removeMedicalScanStorageObjects
FNDA:15,normalizeMedicalScanStorageObjectPaths
FNDA:19,normalizeMedicalScanStoragePath
FNDA:14,extractStorageObjectPath
FNDA:14,sanitizeStorageObjectPath
FNDA:8,chunkArray
FNF:10
FNH:10
BRDA:44,1,0,1
BRDA:44,1,1,2
BRDA:46,1,0,2
BRDA:46,1,1,1
BRDA:49,1,0,1
BRDA:49,1,1,1
BRDA:50,1,0,1
BRDA:50,1,1,1
BRDA:57,2,0,0
BRDA:57,2,1,3
BRDA:58,2,0,1
BRDA:58,2,1,2
BRDA:59,2,0,2
BRDA:59,2,1,1
BRDA:78,3,0,1
BRDA:78,3,1,4
BRDA:80,3,0,4
BRDA:80,3,1,1
BRDA:82,3,0,0
BRDA:82,3,1,5
BRDA:90,3,0,0
BRDA:90,3,1,4
BRDA:95,3,0,2
BRDA:95,3,1,3
BRDA:110,3,0,1
BRDA:110,3,1,4
BRDA:83,4,0,1
BRDA:83,4,1,6
BRDA:84,4,0,0
BRDA:84,4,1,6
BRDA:86,4,0,0
BRDA:86,4,1,6
BRDA:126,7,0,2
BRDA:126,7,1,1
BRDA:128,7,0,5
BRDA:128,7,1,1
BRDA:138,7,0,1
BRDA:138,7,1,5
BRDA:140,7,0,4
BRDA:140,7,1,2
BRDA:145,7,0,0
BRDA:145,7,1,4
BRDA:155,7,0,3
BRDA:155,7,1,3
BRDA:157,7,0,4
BRDA:157,7,1,2
BRDA:164,7,0,1
BRDA:164,7,1,5
BRDA:177,9,0,0
BRDA:177,9,1,8
BRDA:183,9,0,1
BRDA:183,9,1,7
BRDA:185,9,0,7
BRDA:185,9,1,1
BRDA:193,9,0,0
BRDA:193,9,1,8
BRDA:197,9,0,7
BRDA:197,9,1,1
BRDA:200,9,0,0
BRDA:200,9,1,8
BRDA:203,9,0,1
BRDA:203,9,1,7
BRDA:208,9,0,6
BRDA:208,9,1,2
BRDA:216,11,0,19
BRDA:218,11,0,13
BRDA:218,11,1,6
BRDA:229,12,0,5
BRDA:229,12,1,14
BRDA:231,12,0,0
BRDA:231,12,1,14
BRDA:234,12,0,0
BRDA:234,12,1,14
BRDA:235,12,0,1
BRDA:235,12,1,13
BRDA:240,13,0,0
BRDA:240,13,1,14
BRDA:242,13,0,9
BRDA:242,13,1,5
BRDA:244,13,0,5
BRDA:244,13,1,9
BRDA:249,13,0,0
BRDA:249,13,1,14
BRDA:251,13,0,5
BRDA:251,13,1,9
BRDA:258,13,0,0
BRDA:258,13,1,14
BRDA:260,13,0,5
BRDA:260,13,1,9
BRDA:263,13,0,0
BRDA:263,13,1,14
BRDA:265,13,0,5
BRDA:265,13,1,9
BRDA:272,16,0,0
BRDA:272,16,1,14
BRDA:274,16,0,2
BRDA:274,16,1,12
BRDA:275,16,0,12
BRDA:275,16,1,2
BRDA:277,16,0,0
BRDA:277,16,1,14
BRDA:282,16,0,0
BRDA:282,16,1,14
BRDA:283,16,0,0
BRDA:283,16,1,14
BRDA:291,19,0,0
BRDA:291,19,1,8
BRF:107
BRH:87
DA:3,3
DA:5,3
DA:6,3
DA:7,3
DA:8,3
DA:9,3
DA:10,3
DA:11,3
DA:12,3
DA:34,3
DA:35,3
DA:36,3
DA:38,3
DA:39,3
DA:40,3
DA:41,3
DA:42,3
DA:44,3
DA:45,1
DA:46,1
DA:48,2
DA:49,3
DA:50,3
DA:51,3
DA:52,3
DA:54,3
DA:55,3
DA:57,3
DA:58,3
DA:59,3
DA:60,3
DA:61,3
DA:62,3
DA:64,3
DA:65,3
DA:66,3
DA:67,3
DA:68,3
DA:70,5
DA:71,5
DA:72,5
DA:73,5
DA:75,5
DA:76,5
DA:78,5
DA:79,1
DA:80,1
DA:82,5
DA:83,7
DA:84,0
DA:85,6
DA:86,0
DA:87,6
DA:88,5
DA:90,0
DA:92,4
DA:93,4
DA:94,4
DA:95,5
DA:98,2
DA:99,2
DA:100,2
DA:101,2
DA:102,2
DA:103,2
DA:104,2
DA:105,2
DA:106,2
DA:107,2
DA:108,2
DA:110,5
DA:111,1
DA:112,1
DA:114,1
DA:115,5
DA:117,3
DA:118,3
DA:119,3
DA:120,3
DA:121,3
DA:124,3
DA:126,6
DA:127,1
DA:128,1
DA:130,5
DA:131,5
DA:132,5
DA:133,5
DA:134,5
DA:138,6
DA:139,1
DA:140,1
DA:142,6
DA:143,6
DA:144,6
DA:145,6
DA:148,4
DA:149,4
DA:150,4
DA:151,4
DA:152,4
DA:153,4
DA:154,4
DA:155,6
DA:156,3
DA:157,3
DA:159,4
DA:160,4
DA:161,4
DA:162,4
DA:164,6
DA:165,1
DA:166,1
DA:168,1
DA:169,6
DA:171,8
DA:172,8
DA:173,8
DA:174,8
DA:176,8
DA:177,0
DA:179,8
DA:180,8
DA:181,8
DA:182,8
DA:183,8
DA:184,1
DA:185,1
DA:187,7
DA:188,7
DA:189,7
DA:190,7
DA:191,7
DA:192,7
DA:193,0
DA:194,0
DA:195,0
DA:197,0
DA:199,8
DA:200,8
DA:201,8
DA:203,8
DA:204,1
DA:205,1
DA:207,1
DA:208,8
DA:209,8
DA:211,15
DA:212,15
DA:213,15
DA:215,15
DA:216,15
DA:217,19
DA:218,19
DA:219,13
DA:220,13
DA:221,19
DA:222,15
DA:223,15
DA:225,19
DA:226,19
DA:227,19
DA:229,19
DA:230,14
DA:231,0
DA:233,14
DA:234,0
DA:235,19
DA:236,13
DA:237,19
DA:239,14
DA:240,0
DA:242,14
DA:243,9
DA:244,9
DA:246,5
DA:247,5
DA:248,5
DA:249,0
DA:250,0
DA:251,0
DA:253,5
DA:254,5
DA:255,5
DA:256,5
DA:258,0
DA:259,0
DA:260,0
DA:262,5
DA:263,0
DA:264,0
DA:265,0
DA:267,5
DA:268,14
DA:270,14
DA:271,14
DA:272,0
DA:274,14
DA:275,14
DA:276,14
DA:277,0
DA:279,14
DA:280,14
DA:282,0
DA:283,0
DA:284,0
DA:285,0
DA:287,14
DA:288,14
DA:290,8
DA:291,0
DA:293,8
DA:294,8
DA:295,8
DA:296,8
DA:297,8
DA:298,8
LH:190
LF:217
end_of_record
SF:/Users/Bayramov_N/Desktop/Other/life-os/supabase/functions/_shared/next_best_action.ts
FN:41,determineNextBestAction
FN:118,dueSupplementInWindow
FN:143,dueSupplementsSummary
FN:165,suggestedMealType
FN:181,adaptNextBestActionForWatch
FN:203,computeNutritionAdherencePercent
FN:219,openOnIPhone
FN:227,boundedCompletionRatio
FN:236,localMinutesOfDay
FN:250,parseWallClockMinutes
FNDA:7,determineNextBestAction
FNDA:2,dueSupplementInWindow
FNDA:2,dueSupplementsSummary
FNDA:6,suggestedMealType
FNDA:5,adaptNextBestActionForWatch
FNDA:5,computeNutritionAdherencePercent
FNDA:4,openOnIPhone
FNDA:10,boundedCompletionRatio
FNDA:4,localMinutesOfDay
FNDA:12,parseWallClockMinutes
FNF:10
FNH:10
BRDA:54,1,0,1
BRDA:54,1,1,6
BRDA:60,1,0,6
BRDA:60,1,1,1
BRDA:62,1,0,1
BRDA:62,1,1,6
BRDA:68,1,0,5
BRDA:68,1,1,2
BRDA:70,1,0,1
BRDA:70,1,1,6
BRDA:79,1,0,4
BRDA:79,1,1,3
BRDA:81,1,0,0
BRDA:81,1,1,7
BRDA:82,1,0,4
BRDA:82,1,1,3
BRDA:84,1,0,4
BRDA:84,1,1,3
BRDA:87,1,0,3
BRDA:87,1,1,1
BRDA:87,1,2,1
BRDA:93,1,0,3
BRDA:93,1,1,4
BRDA:95,1,0,1
BRDA:95,1,1,6
BRDA:101,1,0,2
BRDA:101,1,1,5
BRDA:103,1,0,1
BRDA:103,1,1,6
BRDA:125,2,0,6
BRDA:127,2,0,1
BRDA:127,2,1,5
BRDA:129,2,0,3
BRDA:129,2,1,3
BRDA:129,2,2,2
BRDA:132,2,0,1
BRDA:132,2,1,5
BRDA:138,2,0,1
BRDA:138,2,1,1
BRDA:150,4,0,6
BRDA:152,4,0,1
BRDA:152,4,1,5
BRDA:154,4,0,3
BRDA:154,4,1,3
BRDA:154,4,2,2
BRDA:157,4,0,1
BRDA:157,4,1,5
BRDA:160,4,0,1
BRDA:160,4,1,1
BRDA:174,6,0,5
BRDA:174,6,1,1
BRDA:174,6,2,5
BRDA:175,6,0,4
BRDA:175,6,1,2
BRDA:175,6,2,3
BRDA:176,6,0,2
BRDA:176,6,1,1
BRDA:176,6,2,2
BRDA:177,6,0,1
BRDA:177,6,1,1
BRDA:186,7,0,1
BRDA:186,7,1,4
BRDA:188,7,0,4
BRDA:188,7,1,1
BRDA:191,7,0,0
BRDA:191,7,1,5
BRDA:192,7,0,1
BRDA:192,7,1,4
BRDA:194,7,0,1
BRDA:194,7,1,4
BRDA:196,7,0,1
BRDA:196,7,1,4
BRDA:198,7,0,1
BRDA:198,7,1,4
BRDA:214,8,0,1
BRDA:214,8,1,4
BRDA:231,12,0,7
BRDA:231,12,1,7
BRDA:231,12,2,3
BRDA:231,12,3,7
BRDA:232,12,0,6
BRDA:232,12,1,2
BRDA:232,12,2,5
BRDA:243,13,0,0
BRDA:243,13,1,4
BRDA:245,13,0,0
BRDA:245,13,1,4
BRDA:255,16,0,10
BRDA:255,16,1,10
BRDA:256,16,0,10
BRDA:256,16,1,10
BRDA:257,16,0,10
BRDA:257,16,1,2
BRDA:258,16,0,2
BRDA:258,16,1,10
BRDA:260,16,0,10
BRDA:260,16,1,2
BRF:97
BRH:93
DA:41,1
DA:53,1
DA:54,7
DA:55,1
DA:56,1
DA:57,1
DA:58,1
DA:59,1
DA:60,1
DA:62,7
DA:63,1
DA:64,1
DA:65,1
DA:66,1
DA:67,1
DA:68,1
DA:70,7
DA:71,1
DA:72,1
DA:73,1
DA:74,1
DA:75,1
DA:76,1
DA:77,1
DA:78,1
DA:79,1
DA:81,7
DA:82,7
DA:83,7
DA:84,7
DA:85,7
DA:87,7
DA:88,1
DA:89,1
DA:90,1
DA:91,1
DA:92,1
DA:93,1
DA:95,7
DA:96,1
DA:97,1
DA:98,1
DA:99,1
DA:100,1
DA:101,1
DA:103,7
DA:104,1
DA:105,1
DA:106,1
DA:107,1
DA:108,1
DA:109,1
DA:111,1
DA:112,1
DA:113,1
DA:114,1
DA:115,1
DA:116,7
DA:118,1
DA:119,1
DA:120,1
DA:121,1
DA:123,2
DA:125,2
DA:126,6
DA:127,6
DA:128,5
DA:129,6
DA:131,2
DA:132,6
DA:133,1
DA:134,1
DA:135,1
DA:136,1
DA:137,1
DA:138,6
DA:140,1
DA:141,2
DA:143,1
DA:144,1
DA:145,1
DA:146,1
DA:148,2
DA:150,2
DA:151,6
DA:152,6
DA:153,5
DA:154,6
DA:156,2
DA:157,6
DA:158,1
DA:159,1
DA:160,6
DA:162,1
DA:163,2
DA:165,1
DA:166,6
DA:167,6
DA:168,6
DA:169,6
DA:170,6
DA:171,6
DA:174,6
DA:175,6
DA:176,6
DA:177,6
DA:178,1
DA:179,6
DA:181,1
DA:185,1
DA:186,5
DA:187,1
DA:188,1
DA:190,4
DA:191,0
DA:192,5
DA:193,1
DA:194,5
DA:195,1
DA:196,5
DA:197,1
DA:198,5
DA:199,1
DA:200,5
DA:201,5
DA:203,1
DA:208,1
DA:209,5
DA:210,5
DA:211,5
DA:212,5
DA:214,5
DA:215,4
DA:216,4
DA:217,5
DA:219,4
DA:220,4
DA:221,4
DA:222,4
DA:223,4
DA:224,4
DA:225,4
DA:227,10
DA:228,10
DA:229,10
DA:231,10
DA:232,10
DA:233,5
DA:234,10
DA:236,4
DA:237,4
DA:238,4
DA:239,4
DA:240,4
DA:241,4
DA:242,4
DA:243,4
DA:244,4
DA:245,4
DA:247,4
DA:248,4
DA:250,12
DA:251,12
DA:252,12
DA:253,12
DA:254,12
DA:255,12
DA:256,12
DA:257,12
DA:258,12
DA:259,2
DA:260,2
DA:261,10
DA:262,12
LH:173
LF:174
end_of_record
SF:/Users/Bayramov_N/Desktop/Other/life-os/supabase/functions/_shared/payload_schemas.ts
FNF:0
FNH:0
BRF:0
BRH:0
DA:1,6
DA:3,6
DA:4,6
DA:5,6
DA:6,6
DA:7,6
DA:8,6
DA:9,6
DA:10,6
DA:11,6
DA:13,6
DA:14,6
DA:15,6
DA:16,6
DA:17,6
DA:19,6
DA:20,6
DA:21,6
DA:22,6
DA:23,6
DA:24,6
DA:25,6
DA:26,6
DA:28,6
DA:29,6
DA:30,6
DA:31,6
DA:32,6
DA:33,6
DA:35,6
DA:36,6
DA:37,6
DA:38,6
DA:39,6
DA:41,6
DA:42,6
DA:43,6
DA:44,6
DA:45,6
DA:46,6
DA:47,6
DA:48,6
DA:50,6
DA:51,6
DA:52,6
DA:53,6
DA:54,6
DA:55,6
DA:57,6
DA:58,6
DA:59,6
DA:60,6
DA:62,6
DA:63,6
DA:64,6
DA:65,6
DA:66,6
DA:67,6
DA:69,6
DA:70,6
DA:71,6
DA:72,6
DA:73,6
DA:74,6
DA:75,6
DA:77,6
DA:78,6
DA:79,6
DA:80,6
DA:81,6
DA:82,6
DA:83,6
DA:84,6
DA:85,6
DA:86,6
DA:87,6
DA:88,6
DA:89,6
DA:90,6
DA:91,6
DA:92,6
DA:93,6
DA:94,6
DA:95,6
DA:96,6
DA:97,6
DA:98,6
DA:99,6
DA:100,6
DA:101,6
DA:102,6
DA:103,6
DA:104,6
DA:105,6
DA:106,6
DA:107,6
DA:108,6
DA:109,6
DA:110,6
DA:111,6
DA:112,6
DA:113,6
DA:114,6
DA:115,6
DA:116,6
DA:117,6
DA:118,6
DA:119,6
DA:121,6
DA:122,6
DA:123,6
DA:124,6
DA:126,6
DA:127,6
DA:128,6
DA:129,6
DA:130,6
DA:132,6
DA:133,6
DA:134,6
DA:140,6
DA:141,6
DA:142,6
DA:144,6
DA:145,6
DA:147,6
DA:148,6
DA:150,6
DA:151,6
DA:153,6
DA:154,6
DA:156,6
DA:157,6
DA:159,6
DA:160,6
DA:161,6
DA:163,6
DA:164,6
DA:166,6
DA:167,6
DA:168,6
DA:169,6
DA:170,6
DA:171,6
DA:172,6
DA:173,6
DA:174,6
DA:175,6
DA:176,6
DA:177,6
DA:178,6
DA:179,6
DA:180,6
DA:181,6
DA:183,6
DA:184,6
DA:185,6
DA:188,6
DA:189,6
DA:190,6
DA:191,6
DA:192,6
DA:194,6
DA:195,6
DA:196,6
DA:197,6
DA:198,6
DA:199,6
DA:201,6
DA:203,6
DA:204,6
DA:205,6
DA:206,6
DA:207,6
DA:208,6
DA:209,6
DA:210,6
DA:211,6
DA:212,6
DA:213,6
DA:214,6
DA:216,6
DA:217,6
DA:218,6
DA:219,6
DA:220,6
DA:222,6
DA:223,6
DA:224,6
DA:225,6
DA:226,6
DA:227,6
DA:228,6
DA:229,6
DA:230,6
DA:231,6
DA:232,6
DA:235,6
DA:236,6
DA:237,6
DA:239,6
DA:240,6
DA:241,6
DA:242,6
DA:243,6
DA:244,6
DA:246,6
DA:247,6
DA:248,6
DA:249,6
DA:250,6
DA:251,6
DA:252,6
DA:254,6
DA:255,6
DA:256,6
DA:257,6
DA:258,6
DA:259,6
DA:260,6
DA:261,6
DA:262,6
DA:263,6
DA:264,6
DA:265,6
DA:266,6
DA:267,6
DA:268,6
DA:269,6
DA:271,6
DA:272,6
DA:273,6
DA:274,6
DA:275,6
DA:276,6
DA:277,6
DA:278,6
DA:280,6
DA:281,6
DA:282,6
DA:283,6
DA:284,6
DA:285,6
DA:286,6
DA:287,6
DA:289,6
DA:290,6
DA:291,6
DA:292,6
DA:293,6
DA:295,6
DA:296,6
DA:297,6
DA:299,6
DA:300,6
DA:301,6
DA:303,6
DA:304,6
DA:305,6
DA:307,6
DA:308,6
DA:309,6
DA:310,6
DA:311,6
DA:312,6
DA:313,6
DA:314,6
DA:315,6
DA:316,6
DA:318,6
DA:319,6
DA:320,6
DA:321,6
DA:322,6
DA:323,6
DA:324,6
DA:325,6
DA:326,6
DA:327,6
LH:279
LF:279
end_of_record
SF:/Users/Bayramov_N/Desktop/Other/life-os/supabase/functions/_shared/predictive_context.ts
FN:204,buildPredictiveContext
FN:250,buildHistoricalDayRecords
FN:281,deriveBaselines
FN:307,selectHistoricalMatches
FN:336,scoreHistoricalRecord
FN:375,addReason
FN:558,buildDerivedEstimate
FN:612,buildCurrentStateLines
FN:662,buildBaselineLines
FN:710,buildRagMatchLines
FN:732,buildAggregateSummaryLines
FN:848,formatExampleLine
FN:901,selectRelevantInsights
FN:968,formatInsightLine
FN:983,parseScenarioSignals
FN:1254,firstWorkoutDurationMinutes
FN:1268,relativeToTarget
FN:1281,isHeavyLoad
FN:1306,isLowHydration
FN:1316,aggregateHydrationByDate
FN:1329,aggregateWorkoutsByDate
FN:1356,resolveLocalHour
FN:1366,indexByDate
FN:1380,section
FN:1385,zoneFromScore
FN:1392,addDays
FN:1397,containsAny
FN:1401,extractNumberUnits
FN:1421,firstMatching
FN:1431,average
FN:1440,standardDeviation
FN:1453,firstFinite
FN:1461,toFiniteNumber
FN:1465,clampUnit
FN:1470,clampPercent
FN:1474,clampInt
FN:1478,formatPercent
FN:1483,formatDecimal
FN:1493,signedPercent
FN:1499,dedupe
FN:1503,emptyWorkoutAggregate
FN:1513,trimmed
FN:1517,truncate
FNDA:9,buildPredictiveContext
FNDA:9,buildHistoricalDayRecords
FNDA:9,deriveBaselines
FNDA:9,selectHistoricalMatches
FNDA:21,scoreHistoricalRecord
FNDA:58,addReason
FNDA:9,buildDerivedEstimate
FNDA:9,buildCurrentStateLines
FNDA:9,buildBaselineLines
FNDA:9,buildRagMatchLines
FNDA:8,buildAggregateSummaryLines
FNDA:16,formatExampleLine
FNDA:9,selectRelevantInsights
FNDA:3,formatInsightLine
FNDA:9,parseScenarioSignals
FNDA:2,firstWorkoutDurationMinutes
FNDA:63,relativeToTarget
FNDA:0,isHeavyLoad
FNDA:11,isLowHydration
FNDA:9,aggregateHydrationByDate
FNDA:9,aggregateWorkoutsByDate
FNDA:6,resolveLocalHour
FNDA:36,indexByDate
FNDA:45,section
FNDA:10,zoneFromScore
FNDA:21,addDays
FNDA:162,containsAny
FNDA:18,extractNumberUnits
FNDA:5,firstMatching
FNDA:101,average
FNDA:9,standardDeviation
FNDA:125,firstFinite
FNDA:854,toFiniteNumber
FNDA:69,clampUnit
FNDA:27,clampPercent
FNDA:9,clampInt
FNDA:24,formatPercent
FNDA:153,formatDecimal
FNDA:16,signedPercent
FNDA:14,dedupe
FNDA:22,emptyWorkoutAggregate
FNDA:41,trimmed
FNDA:3,truncate
FNF:43
FNH:42
BRDA:270,10,0,17
BRDA:270,10,1,4
BRDA:271,10,0,13
BRDA:271,10,1,8
BRDA:272,10,0,19
BRDA:272,10,1,2
BRDA:273,10,0,16
BRDA:273,10,1,5
BRDA:274,10,0,16
BRDA:274,10,1,5
BRDA:275,10,0,16
BRDA:275,10,1,5
BRDA:288,12,0,7
BRDA:288,12,1,3
BRDA:290,12,0,7
BRDA:290,12,1,3
BRDA:292,12,0,7
BRDA:292,12,1,3
BRDA:296,17,0,4
BRDA:296,17,1,17
BRDA:297,17,0,5
BRDA:297,17,1,16
BRDA:301,19,0,8
BRDA:301,19,1,13
BRDA:302,20,0,8
BRDA:302,20,1,13
BRDA:303,21,0,8
BRDA:303,21,1,13
BRDA:320,22,0,1
BRDA:320,22,1,8
BRDA:322,22,0,8
BRDA:322,22,1,1
BRDA:330,22,0,7
BRDA:330,22,1,2
BRDA:332,22,0,1
BRDA:332,22,1,8
BRDA:316,25,0,0
BRDA:316,25,1,17
BRDA:345,27,0,8
BRDA:345,27,1,13
BRDA:346,27,0,8
BRDA:346,27,1,13
BRDA:348,27,0,5
BRDA:348,27,1,16
BRDA:351,27,0,4
BRDA:351,27,1,17
BRDA:354,27,0,4
BRDA:354,27,1,17
BRDA:355,27,0,5
BRDA:355,27,1,16
BRDA:356,27,0,16
BRDA:356,27,1,5
BRDA:360,27,0,8
BRDA:360,27,1,13
BRDA:361,27,0,2
BRDA:361,27,1,19
BRDA:365,27,0,8
BRDA:365,27,1,13
BRDA:366,27,0,2
BRDA:366,27,1,19
BRDA:370,27,0,8
BRDA:370,27,1,13
BRDA:371,27,0,2
BRDA:371,27,1,19
BRDA:381,27,0,6
BRDA:381,27,1,15
BRDA:393,27,0,4
BRDA:393,27,1,2
BRDA:394,27,0,4
BRDA:394,27,1,2
BRDA:395,27,0,0
BRDA:395,27,1,4
BRDA:396,27,0,2
BRDA:396,27,1,4
BRDA:400,27,0,2
BRDA:400,27,1,4
BRDA:401,27,0,2
BRDA:401,27,1,4
BRDA:402,27,0,0
BRDA:402,27,1,2
BRDA:403,27,0,1
BRDA:403,27,1,5
BRDA:406,27,0,2
BRDA:406,27,1,4
BRDA:409,27,0,2
BRDA:409,27,1,0
BRDA:409,27,2,2
BRDA:413,27,0,2
BRDA:413,27,1,4
BRDA:414,27,0,0
BRDA:414,27,1,0
BRDA:415,27,0,2
BRDA:415,27,1,4
BRDA:420,27,0,5
BRDA:420,27,1,16
BRDA:421,27,0,3
BRDA:421,27,1,2
BRDA:422,27,0,3
BRDA:422,27,1,1
BRDA:425,27,0,0
BRDA:425,27,1,0
BRDA:429,27,0,3
BRDA:429,27,1,2
BRDA:431,27,0,2
BRDA:431,27,1,3
BRDA:441,27,0,0
BRDA:441,27,1,5
BRDA:443,27,0,0
BRDA:443,27,1,5
BRDA:447,27,0,3
BRDA:447,27,1,2
BRDA:451,27,0,2
BRDA:451,27,1,3
BRDA:454,27,0,3
BRDA:454,27,1,2
BRDA:459,27,0,5
BRDA:459,27,1,16
BRDA:460,27,0,4
BRDA:460,27,1,1
BRDA:461,27,0,1
BRDA:461,27,1,2
BRDA:464,27,0,2
BRDA:464,27,1,0
BRDA:464,27,2,2
BRDA:467,27,0,2
BRDA:467,27,1,2
BRDA:469,27,0,3
BRDA:469,27,1,0
BRDA:469,27,2,0
BRDA:472,27,0,2
BRDA:472,27,1,2
BRDA:473,27,0,1
BRDA:473,27,1,1
BRDA:476,27,0,1
BRDA:476,27,1,1
BRDA:480,27,0,2
BRDA:480,27,1,2
BRDA:481,27,0,1
BRDA:481,27,1,1
BRDA:482,27,0,1
BRDA:482,27,1,1
BRDA:485,27,0,2
BRDA:485,27,1,2
BRDA:487,27,0,1
BRDA:487,27,1,4
BRDA:491,27,0,2
BRDA:491,27,1,2
BRDA:493,27,0,1
BRDA:493,27,1,4
BRDA:498,27,0,5
BRDA:498,27,1,16
BRDA:499,27,0,3
BRDA:499,27,1,2
BRDA:502,27,0,3
BRDA:502,27,1,0
BRDA:502,27,2,2
BRDA:505,27,0,0
BRDA:505,27,1,0
BRDA:513,27,0,0
BRDA:513,27,1,0
BRDA:516,27,0,0
BRDA:516,27,1,0
BRDA:519,27,0,3
BRDA:519,27,1,3
BRDA:521,27,0,2
BRDA:521,27,1,1
BRDA:522,27,0,2
BRDA:522,27,1,1
BRDA:523,27,0,1
BRDA:523,27,1,2
BRDA:525,27,0,2
BRDA:525,27,1,1
BRDA:528,27,0,0
BRDA:528,27,1,0
BRDA:535,27,0,3
BRDA:535,27,1,2
BRDA:545,27,0,5
BRDA:545,27,1,2
BRDA:549,27,0,6
BRDA:549,27,1,0
BRDA:551,27,0,0
BRDA:551,27,1,21
BRDA:449,30,0,0
BRDA:449,30,1,0
BRDA:564,31,0,8
BRDA:564,31,1,1
BRDA:565,31,0,1
BRDA:565,31,1,8
BRDA:566,31,0,1
BRDA:566,31,1,8
BRDA:571,31,0,1
BRDA:571,31,1,8
BRDA:590,31,0,8
BRDA:590,31,1,1
BRDA:591,31,0,8
BRDA:591,31,1,1
BRDA:594,31,0,8
BRDA:594,31,1,1
BRDA:597,31,0,1
BRDA:597,31,1,8
BRDA:618,34,0,1
BRDA:618,34,1,8
BRDA:622,34,0,8
BRDA:622,34,1,1
BRDA:628,34,0,1
BRDA:628,34,1,8
BRDA:630,34,0,0
BRDA:630,34,1,1
BRDA:636,34,0,8
BRDA:636,34,1,1
BRDA:641,34,0,1
BRDA:641,34,1,1
BRDA:643,34,0,8
BRDA:643,34,1,1
BRDA:651,34,0,6
BRDA:651,34,1,2
BRDA:651,34,2,0
BRDA:651,34,3,6
BRDA:653,34,0,0
BRDA:653,34,1,6
BRDA:654,34,0,0
BRDA:654,34,1,6
BRDA:657,34,0,8
BRDA:657,34,1,1
BRDA:668,35,0,8
BRDA:668,35,1,1
BRDA:673,35,0,8
BRDA:673,35,1,1
BRDA:676,35,0,8
BRDA:676,35,1,1
BRDA:679,35,0,8
BRDA:679,35,1,1
BRDA:684,35,0,4
BRDA:684,35,1,5
BRDA:691,35,0,2
BRDA:691,35,1,7
BRDA:697,35,0,1
BRDA:697,35,1,8
BRDA:698,35,0,0
BRDA:698,35,1,1
BRDA:699,35,0,1
BRDA:699,35,1,8
BRDA:701,35,0,0
BRDA:701,35,1,1
BRDA:702,35,0,0
BRDA:702,35,1,1
BRDA:715,36,0,1
BRDA:715,36,1,8
BRDA:720,36,0,8
BRDA:720,36,1,1
BRDA:725,36,0,16
BRDA:727,36,0,8
BRDA:727,36,1,1
BRDA:738,37,0,0
BRDA:738,37,1,8
BRDA:739,37,0,0
BRDA:739,37,1,8
BRDA:754,37,0,6
BRDA:754,37,1,2
BRDA:762,37,0,0
BRDA:762,37,1,2
BRDA:767,37,0,3
BRDA:767,37,1,5
BRDA:771,37,0,2
BRDA:771,37,1,1
BRDA:780,37,0,3
BRDA:780,37,1,5
BRDA:793,37,0,6
BRDA:793,37,1,2
BRDA:811,37,0,2
BRDA:811,37,1,6
BRDA:824,37,0,6
BRDA:824,37,1,2
BRDA:838,37,0,1
BRDA:838,37,1,1
BRDA:796,43,0,3
BRDA:796,43,1,1
BRDA:797,43,0,3
BRDA:797,43,1,1
BRDA:798,43,0,1
BRDA:798,43,1,3
BRDA:860,47,0,8
BRDA:860,47,1,8
BRDA:860,47,2,4
BRDA:865,47,0,8
BRDA:865,47,1,8
BRDA:865,47,2,6
BRDA:873,47,0,4
BRDA:873,47,1,12
BRDA:874,47,0,5
BRDA:874,47,1,11
BRDA:875,47,0,11
BRDA:875,47,1,5
BRDA:878,47,0,6
BRDA:878,47,1,6
BRDA:881,47,0,4
BRDA:881,47,1,12
BRDA:884,47,0,4
BRDA:884,47,1,12
BRDA:884,47,2,4
BRDA:887,47,0,4
BRDA:887,47,1,2
BRDA:890,47,0,14
BRDA:890,47,1,2
BRDA:909,49,0,2
BRDA:909,49,1,7
BRDA:919,49,0,2
BRDA:919,49,1,7
BRDA:927,49,0,2
BRDA:927,49,1,7
BRDA:938,49,0,3
BRDA:938,49,1,6
BRDA:952,50,0,0
BRDA:952,50,1,4
BRDA:953,50,0,0
BRDA:953,50,1,4
BRDA:956,50,0,3
BRDA:956,50,1,1
BRDA:960,53,0,0
BRDA:960,53,1,1
BRDA:961,53,0,0
BRDA:961,53,1,1
BRDA:962,53,0,0
BRDA:962,53,1,1
BRDA:971,54,0,0
BRDA:971,54,1,3
BRDA:973,54,0,0
BRDA:973,54,1,3
BRDA:975,54,0,0
BRDA:975,54,1,3
BRDA:977,54,0,0
BRDA:977,54,1,3
BRDA:1011,55,0,7
BRDA:1011,55,1,2
BRDA:1025,55,0,7
BRDA:1025,55,1,2
BRDA:1054,55,0,2
BRDA:1054,55,1,7
BRDA:1069,55,0,1
BRDA:1069,55,1,1
BRDA:1072,55,0,2
BRDA:1072,55,1,7
BRDA:1095,55,0,2
BRDA:1095,55,1,7
BRDA:1102,55,0,2
BRDA:1102,55,1,7
BRDA:1103,55,0,7
BRDA:1103,55,1,2
BRDA:1105,55,0,2
BRDA:1105,55,1,7
BRDA:1106,55,0,7
BRDA:1106,55,1,2
BRDA:1262,61,0,1
BRDA:1262,61,1,1
BRDA:1264,61,0,0
BRDA:1264,61,1,2
BRDA:1275,64,0,24
BRDA:1275,64,1,24
BRDA:1275,64,2,39
BRDA:1277,64,0,24
BRDA:1277,64,1,39
BRDA:1311,66,0,0
BRDA:1311,66,1,11
BRDA:1312,66,0,0
BRDA:1312,66,1,11
BRDA:1320,67,0,6
BRDA:1320,67,1,3
BRDA:1323,67,0,0
BRDA:1323,67,1,6
BRDA:1324,67,0,5
BRDA:1324,67,1,1
BRDA:1333,68,0,6
BRDA:1333,68,1,3
BRDA:1335,68,0,0
BRDA:1335,68,1,6
BRDA:1338,68,0,0
BRDA:1338,68,1,6
BRDA:1339,68,0,0
BRDA:1339,68,1,6
BRDA:1360,69,0,0
BRDA:1360,69,1,6
BRDA:1361,69,0,0
BRDA:1361,69,1,6
BRDA:1362,69,0,0
BRDA:1362,69,1,6
BRDA:1371,70,0,20
BRDA:1371,70,1,16
BRDA:1381,71,0,7
BRDA:1381,71,1,38
BRDA:1386,72,0,0
BRDA:1386,72,1,10
BRDA:1387,72,0,1
BRDA:1387,72,1,9
BRDA:1388,72,0,6
BRDA:1388,72,1,3
BRDA:1414,76,0,3
BRDA:1414,76,1,15
BRDA:1425,78,0,3
[...]
DA:175,1
DA:176,1
DA:178,1
DA:179,2
DA:181,4
DA:182,4
DA:183,4
DA:184,15
DA:185,1
DA:186,1
DA:187,1
DA:188,1
DA:189,1
DA:190,1
DA:192,3
DA:193,15
DA:194,15
DA:195,15
DA:196,15
DA:197,0
DA:198,0
DA:199,0
DA:200,0
DA:201,0
DA:202,0
DA:203,0
DA:204,3
DA:205,3
DA:206,3
DA:210,15
DA:211,1
DA:212,1
DA:213,1
DA:215,15
DA:216,15
DA:217,15
DA:219,0
DA:220,0
DA:221,0
DA:222,0
DA:223,0
DA:224,0
DA:225,0
DA:226,0
DA:227,0
DA:230,15
DA:231,1
DA:232,1
DA:233,1
DA:234,1
DA:236,2
DA:237,2
DA:238,2
DA:239,2
DA:240,2
DA:241,2
DA:242,2
DA:243,2
DA:244,2
DA:246,2
DA:247,2
DA:249,15
DA:250,1
DA:251,1
DA:252,1
DA:253,1
DA:254,1
DA:256,1
DA:257,1
DA:259,7
DA:260,7
DA:261,7
DA:263,7
DA:264,7
DA:265,4
DA:266,4
DA:268,2
DA:269,2
DA:270,2
DA:271,2
DA:272,2
DA:273,2
DA:274,2
DA:275,2
DA:276,2
DA:277,2
DA:279,7
DA:280,1
DA:281,1
DA:282,1
DA:283,1
DA:284,1
DA:285,1
DA:286,0
DA:287,0
DA:289,1
DA:290,7
DA:292,7
DA:293,7
DA:294,7
DA:296,7
DA:297,7
DA:298,7
DA:299,7
DA:300,1
DA:301,1
DA:302,7
DA:303,7
DA:305,3
DA:306,3
DA:307,3
DA:308,3
DA:310,3
DA:311,3
DA:312,3
DA:315,3
DA:316,3
DA:317,3
DA:318,3
DA:319,2
DA:320,2
DA:322,1
DA:323,1
DA:324,1
DA:325,1
DA:326,1
DA:327,1
DA:328,1
DA:329,1
DA:330,1
DA:331,1
DA:333,1
DA:334,1
DA:336,0
DA:337,0
DA:338,0
DA:339,1
DA:340,3
DA:342,8
DA:343,8
DA:344,8
DA:346,8
DA:347,8
DA:348,8
DA:349,8
DA:350,8
DA:351,8
DA:352,1
DA:353,1
DA:354,8
DA:355,8
DA:357,1
DA:358,1
DA:359,1
DA:361,1
DA:362,0
DA:363,1
DA:364,1
DA:365,1
DA:367,3
DA:368,3
DA:370,3
DA:372,0
DA:373,0
DA:374,0
DA:375,3
DA:376,1
DA:377,1
DA:378,0
DA:379,0
DA:380,0
DA:381,0
DA:382,0
DA:383,0
DA:384,3
DA:385,1
DA:386,1
DA:388,3
DA:389,3
DA:390,3
DA:391,3
DA:392,3
DA:393,3
DA:395,3
DA:396,1
DA:397,1
DA:398,1
DA:400,1
DA:401,3
DA:402,1
DA:403,1
DA:404,1
DA:406,1
DA:407,3
DA:408,1
DA:409,1
DA:410,1
DA:412,1
DA:413,3
DA:414,1
DA:415,1
DA:416,1
DA:418,1
DA:420,3
DA:421,3
DA:422,3
DA:423,3
DA:424,3
DA:425,2
DA:426,2
DA:427,3
DA:428,2
DA:429,2
DA:431,3
DA:432,3
DA:434,4
DA:435,4
DA:436,4
DA:437,4
DA:438,4
DA:439,4
DA:440,4
DA:441,4
DA:442,4
DA:443,4
DA:444,4
DA:445,4
DA:446,4
DA:447,4
DA:448,4
DA:449,4
DA:450,4
DA:451,4
DA:452,4
LH:291
LF:352
end_of_record
SF:/Users/Bayramov_N/Desktop/Other/life-os/supabase/functions/api/settings/privacy/index.ts
FN:161,fetchOrCreateSettings
FN:197,fetchPrivacyByUserId
FN:212,isUniqueViolation
FN:216,readErrorCode
FN:222,normalizePayload
FN:245,applyPrivacySideEffects
FN:272,toPublicSettings
FNDA:6,fetchOrCreateSettings
FNDA:7,fetchPrivacyByUserId
FNDA:1,isUniqueViolation
FNDA:1,readErrorCode
FNDA:3,normalizePayload
FNDA:2,applyPrivacySideEffects
FNDA:3,toPublicSettings
FNF:7
FNH:7
BRDA:40,1,0,1
BRDA:40,1,1,11
BRDA:43,1,0,6
BRDA:43,1,1,1
BRDA:45,1,0,1
BRDA:45,1,1,11
BRDA:47,1,0,10
BRDA:47,1,1,2
BRDA:50,1,0,1
BRDA:50,1,1,11
BRDA:52,1,0,9
BRDA:52,1,1,3
BRDA:56,1,0,0
BRDA:56,1,1,12
BRDA:58,1,0,9
BRDA:58,1,1,3
BRDA:67,1,0,0
BRDA:67,1,1,12
BRDA:72,1,0,9
BRDA:72,1,1,3
BRDA:73,1,0,0
BRDA:73,1,1,12
BRDA:75,1,0,9
BRDA:75,1,1,3
BRDA:78,1,0,1
BRDA:78,1,1,11
BRDA:80,1,0,8
BRDA:80,1,1,4
BRDA:82,1,0,3
BRDA:82,1,1,9
BRDA:85,1,0,2
BRDA:85,1,1,1
BRDA:86,1,0,1
BRDA:86,1,1,2
BRDA:87,1,0,0
BRDA:87,1,1,1
BRDA:92,1,0,2
BRDA:92,1,1,1
BRDA:94,1,0,5
BRDA:94,1,1,7
BRDA:98,1,0,4
BRDA:98,1,1,8
BRDA:99,1,0,1
BRDA:99,1,1,11
BRDA:101,1,0,4
BRDA:101,1,1,8
BRDA:103,1,0,1
BRDA:103,1,1,11
BRDA:108,1,0,3
BRDA:108,1,1,9
BRDA:114,1,0,0
BRDA:114,1,1,12
BRDA:120,1,0,3
BRDA:120,1,1,9
BRDA:136,1,0,1
BRDA:136,1,1,11
BRDA:141,1,0,2
BRDA:141,1,1,10
BRDA:148,1,0,1
BRDA:148,1,1,11
BRDA:151,1,0,0
BRDA:151,1,1,1
BRDA:156,1,0,1
BRDA:156,1,1,11
BRDA:165,2,0,5
BRDA:165,2,1,1
BRDA:166,2,0,3
BRDA:166,2,1,3
BRDA:168,2,0,2
BRDA:168,2,1,4
BRDA:184,2,0,1
BRDA:184,2,1,5
BRDA:190,2,0,0
BRDA:190,2,1,1
BRDA:192,2,0,1
BRDA:192,2,1,5
BRDA:206,3,0,1
BRDA:206,3,1,6
BRDA:208,3,0,6
BRDA:208,3,1,1
BRDA:209,3,0,2
BRDA:209,3,1,5
BRDA:217,5,0,0
BRDA:217,5,1,1
BRDA:219,5,0,0
BRDA:219,5,1,1
BRDA:224,6,0,0
BRDA:224,6,1,3
BRDA:227,6,0,2
BRDA:227,6,1,1
BRDA:230,6,0,0
BRDA:230,6,1,3
BRDA:233,6,0,1
BRDA:233,6,1,2
BRDA:236,6,0,0
BRDA:236,6,1,3
BRDA:239,6,0,2
BRDA:239,6,1,1
BRDA:251,7,0,0
BRDA:251,7,1,2
BRDA:256,7,0,1
BRDA:256,7,1,1
BRDA:259,7,0,1
BRDA:259,7,1,1
BRDA:267,7,0,0
BRDA:267,7,1,2
BRDA:268,7,0,1
BRDA:268,7,1,1
BRDA:279,8,0,0
BRDA:279,8,1,3
BRF:110
BRH:95
DA:1,1
DA:2,1
DA:3,1
DA:4,1
DA:5,1
DA:6,1
DA:7,1
DA:8,1
DA:9,1
DA:10,1
DA:11,1
DA:35,1
DA:36,1
DA:38,1
DA:39,12
DA:40,12
DA:42,12
DA:43,12
DA:44,12
DA:45,12
DA:46,1
DA:47,1
DA:49,10
DA:50,12
DA:51,1
DA:52,1
DA:54,9
DA:55,9
DA:56,0
DA:57,0
DA:58,0
DA:60,9
DA:61,9
DA:62,9
DA:63,9
DA:64,9
DA:65,9
DA:67,0
DA:68,0
DA:69,0
DA:70,0
DA:71,0
DA:72,0
DA:73,0
DA:74,0
DA:75,0
DA:77,9
DA:78,12
DA:79,1
DA:80,1
DA:82,12
DA:83,3
DA:84,3
DA:85,3
DA:86,3
DA:87,1
DA:88,1
DA:89,1
DA:90,1
DA:91,1
DA:92,1
DA:93,2
DA:94,2
DA:96,5
DA:97,5
DA:98,5
DA:99,12
DA:100,1
DA:101,1
DA:102,4
DA:103,12
DA:104,1
DA:105,1
DA:106,1
DA:107,1
DA:108,1
DA:109,3
DA:111,3
DA:112,3
DA:113,3
DA:114,0
DA:115,0
DA:116,0
DA:117,0
DA:118,0
DA:119,0
DA:120,0
DA:121,3
DA:123,3
DA:124,3
DA:125,3
DA:126,3
DA:127,3
DA:128,3
DA:129,3
DA:130,3
DA:131,3
DA:133,3
DA:134,3
DA:136,12
DA:137,1
DA:138,1
DA:139,1
DA:140,1
DA:141,1
DA:143,2
DA:144,2
DA:145,2
DA:146,2
DA:147,2
DA:148,2
DA:150,1
DA:151,1
DA:152,1
DA:153,1
DA:154,1
DA:155,1
DA:156,1
DA:158,1
DA:159,1
DA:161,6
DA:162,6
DA:163,6
DA:165,6
DA:166,6
DA:167,3
DA:168,3
DA:170,2
DA:171,2
DA:172,2
DA:173,2
DA:174,2
DA:175,2
DA:176,2
DA:177,2
DA:178,2
DA:179,2
DA:180,2
DA:181,2
DA:182,2
DA:184,6
DA:185,1
DA:186,1
DA:187,1
DA:188,1
DA:189,1
DA:190,1
DA:191,0
DA:192,0
DA:194,1
DA:195,6
DA:197,7
DA:198,7
DA:199,7
DA:201,7
DA:202,7
DA:203,7
DA:204,7
DA:205,7
DA:206,7
DA:207,1
DA:208,1
DA:209,7
DA:210,7
DA:212,1
DA:213,1
DA:214,1
DA:216,1
DA:217,0
DA:218,1
DA:219,1
DA:220,1
DA:222,3
DA:223,3
DA:224,0
DA:225,0
DA:226,0
DA:227,3
DA:228,2
DA:229,2
DA:230,0
DA:231,0
DA:232,0
DA:233,3
DA:234,1
DA:235,1
DA:236,0
DA:237,0
DA:238,0
DA:239,3
DA:240,2
DA:241,2
DA:242,3
DA:243,3
DA:245,2
DA:246,2
DA:247,2
DA:248,2
DA:249,2
DA:251,2
DA:252,2
DA:253,2
DA:254,2
DA:255,2
DA:256,2
DA:257,1
DA:258,1
DA:259,2
DA:261,1
DA:262,1
DA:263,1
DA:264,1
DA:265,1
DA:266,1
DA:267,2
DA:268,2
DA:270,2
DA:272,3
DA:273,3
DA:274,3
DA:275,3
DA:276,3
DA:277,3
DA:278,3
DA:279,0
DA:280,3
DA:281,3
LH:195
LF:227
end_of_record
SF:/Users/Bayramov_N/Desktop/Other/life-os/supabase/functions/parse-food-text/index.ts
FN:66,normalizedText
FN:73,normalizeLocale
FN:79,normalizeMealType
FN:91,splitIntoSegments
FN:109,parseSegment
FN:165,cleanFoodName
FN:180,unitToGrams
FN:212,inferCountWeight
FN:223,inferredCountUnit
FN:235,inferMealType
FN:248,inferCategory
FN:264,buildSuggestions
FN:282,clarificationOptions
FN:304,questionId
FN:313,buildClarifyingQuestions
FN:340,clamp
FNDA:8,normalizedText
FNDA:6,normalizeLocale
FNDA:6,normalizeMealType
FNDA:6,splitIntoSegments
FNDA:17,parseSegment
FNDA:17,cleanFoodName
FNDA:10,unitToGrams
FNDA:3,inferCountWeight
FNDA:3,inferredCountUnit
FNDA:6,inferMealType
FNDA:15,inferCategory
FNDA:5,buildSuggestions
FNDA:5,clarificationOptions
FNDA:5,questionId
FNDA:5,buildClarifyingQuestions
FNDA:20,clamp
FNF:16
FNH:16
BRDA:67,1,0,1
BRDA:67,1,1,7
BRDA:69,1,0,1
BRDA:69,1,1,6
BRDA:74,2,0,4
BRDA:74,2,1,2
BRDA:76,2,0,1
BRDA:76,2,1,1
BRDA:80,3,0,3
BRDA:80,3,1,3
BRDA:83,3,0,2
BRDA:83,3,1,2
BRDA:84,3,0,2
BRDA:84,3,1,4
BRDA:85,3,0,2
BRDA:85,3,1,4
BRDA:87,3,0,1
BRDA:87,3,1,5
BRDA:116,7,0,0
BRDA:116,7,1,17
BRDA:121,7,0,10
BRDA:121,7,1,7
BRDA:125,7,0,0
BRDA:125,7,1,10
BRDA:129,7,0,0
BRDA:129,7,1,10
BRDA:131,7,0,0
BRDA:131,7,1,10
BRDA:134,7,0,7
BRDA:134,7,1,10
BRDA:137,7,0,3
BRDA:137,7,1,14
BRDA:140,7,0,0
BRDA:140,7,1,3
BRDA:144,7,0,0
BRDA:144,7,1,3
BRDA:147,7,0,0
BRDA:147,7,1,3
BRDA:151,7,0,4
BRDA:151,7,1,13
BRDA:154,7,0,0
BRDA:154,7,1,4
BRDA:171,8,0,0
BRDA:171,8,1,17
BRDA:174,8,0,0
BRDA:174,8,1,17
BRDA:182,9,0,1
BRDA:182,9,1,9
BRDA:183,9,0,1
BRDA:183,9,1,9
BRDA:184,9,0,1
BRDA:184,9,1,9
BRDA:185,9,0,2
BRDA:185,9,1,8
BRDA:187,9,0,1
BRDA:187,9,1,9
BRDA:188,9,0,2
BRDA:188,9,1,8
BRDA:190,9,0,1
BRDA:190,9,1,9
BRDA:192,9,0,1
BRDA:192,9,1,9
BRDA:194,9,0,1
BRDA:194,9,1,9
BRDA:195,9,0,1
BRDA:195,9,1,9
BRDA:196,9,0,1
BRDA:196,9,1,9
BRDA:198,9,0,1
BRDA:198,9,1,9
BRDA:199,9,0,2
BRDA:199,9,1,8
BRDA:201,9,0,0
BRDA:201,9,1,10
BRDA:202,9,0,1
BRDA:202,9,1,9
BRDA:204,9,0,0
BRDA:204,9,1,10
BRDA:205,9,0,0
BRDA:205,9,1,10
BRDA:207,9,0,0
BRDA:207,9,1,10
BRDA:214,10,0,1
BRDA:214,10,1,2
BRDA:215,10,0,1
BRDA:215,10,1,2
BRDA:216,10,0,0
BRDA:216,10,1,3
BRDA:217,10,0,0
BRDA:217,10,1,3
BRDA:226,11,0,2
BRDA:226,11,1,1
BRDA:227,11,0,0
BRDA:227,11,1,0
BRDA:231,11,0,0
BRDA:231,11,1,3
BRDA:239,12,0,2
BRDA:239,12,1,4
BRDA:241,12,0,0
BRDA:241,12,1,4
BRDA:242,12,0,1
BRDA:242,12,1,3
BRDA:243,12,0,1
BRDA:243,12,1,2
BRDA:244,12,0,0
BRDA:244,12,1,2
BRDA:249,13,0,0
BRDA:249,13,1,15
BRDA:251,13,0,4
BRDA:251,13,1,4
BRDA:253,13,0,11
BRDA:253,13,1,4
BRDA:254,13,0,4
BRDA:254,13,1,4
BRDA:254,13,2,7
BRDA:255,13,0,1
BRDA:255,13,1,1
BRDA:255,13,2,6
BRDA:257,13,0,1
BRDA:257,13,1,14
BRDA:259,13,0,5
BRDA:259,13,1,10
BRDA:260,13,0,1
BRDA:260,13,1,4
BRDA:269,14,0,17
BRDA:270,14,0,4
BRDA:270,14,1,13
BRDA:273,14,0,2
BRDA:273,14,1,15
BRDA:275,14,0,2
BRDA:275,14,1,3
BRDA:276,14,0,1
BRDA:276,14,1,1
BRDA:287,15,0,1
BRDA:287,15,1,4
BRDA:289,15,0,4
BRDA:289,15,1,1
BRDA:292,15,0,1
BRDA:292,15,1,4
BRDA:294,15,0,3
BRDA:294,15,1,2
BRDA:298,15,0,1
BRDA:298,15,1,4
BRDA:300,15,0,2
BRDA:300,15,1,3
BRDA:310,16,0,0
BRDA:310,16,1,5
BRDA:319,17,0,17
BRDA:320,17,0,0
BRDA:320,17,1,17
BRDA:324,17,0,13
BRDA:324,17,1,12
BRDA:324,17,2,5
BRDA:326,17,0,4
BRDA:326,17,1,13
BRDA:327,17,0,1
BRDA:327,17,1,16
BRDA:346,19,0,1
BRDA:346,19,1,11
BRDA:348,19,0,1
BRDA:348,19,1,11
BRDA:350,19,0,10
BRDA:350,19,1,2
BRDA:353,19,0,1
BRDA:353,19,1,9
BRDA:357,19,0,8
BRDA:357,19,1,4
BRDA:358,19,0,1
BRDA:358,19,1,11
BRDA:360,19,0,8
BRDA:360,19,1,4
BRDA:363,19,0,0
BRDA:363,19,1,12
BRDA:368,19,0,8
BRDA:368,19,1,4
BRDA:372,19,0,2
BRDA:372,19,1,10
BRDA:374,19,0,6
BRDA:374,19,1,6
BRDA:379,19,0,1
BRDA:379,19,1,11
BRDA:392,19,0,5
BRDA:392,19,1,7
BRDA:400,19,0,17
BRDA:411,19,0,16
BRDA:411,19,1,1
BRDA:412,19,0,1
BRDA:412,19,1,16
BRDA:413,19,0,1
BRDA:413,19,1,16
BRDA:417,19,0,4
BRDA:417,19,1,3
BRDA:417,19,2,1
BRDA:419,19,0,2
BRDA:419,19,1,15
BRDA:433,19,0,1
BRDA:433,19,1,1
BRDA:434,19,0,1
BRDA:434,19,1,1
BRDA:440,19,0,15
BRDA:440,19,1,2
BRDA:445,19,0,12
BRDA:445,19,1,3
BRDA:446,19,0,0
BRDA:446,19,1,15
BRDA:447,19,0,0
BRDA:447,19,1,15
BRDA:462,19,0,7
BRDA:462,19,1,10
BRDA:463,19,0,8
BRDA:463,19,1,9
BRDA:466,19,0,12
BRDA:466,19,1,5
BRDA:467,19,0,3
BRDA:467,19,1,14
BRDA:472,19,0,5
BRDA:472,19,1,7
BRDA:479,19,0,2
BRDA:479,19,1,10
BRDA:481,19,0,5
BRDA:481,19,1,7
BRDA:482,19,0,2
BRDA:482,19,1,10
BRDA:484,19,0,5
BRDA:484,19,1,7
BRDA:489,19,0,3
BRDA:489,19,1,9
BRDA:493,19,0,5
BRDA:493,19,1,7
BRDA:494,19,0,4
BRDA:494,19,1,8
BRDA:511,19,0,1
BRDA:511,19,1,11
BRDA:518,19,0,2
BRDA:518,19,1,3
BRDA:519,19,0,3
BRDA:519,19,1,2
BRDA:536,19,0,1
BRDA:536,19,1,4
BRDA:497,23,0,1
BRDA:497,23,1,15
BRDA:500,24,0,1
BRDA:500,24,1,15
BRDA:503,25,0,1
BRDA:503,25,1,15
BRDA:506,26,0,1
BRDA:506,26,1,15
BRDA:509,27,0,8
BRDA:509,27,1,8
BRF:249
BRH:222
DA:1,1
DA:2,1
DA:3,1
DA:4,1
DA:5,1
DA:6,1
DA:7,1
DA:8,1
DA:9,1
DA:10,1
DA:12,1
DA:13,1
DA:15,1
DA:16,1
DA:66,8
DA:67,8
DA:68,7
DA:69,8
DA:70,6
DA:71,8
DA:73,6
DA:74,6
DA:75,2
DA:76,6
DA:77,6
DA:79,6
DA:80,6
DA:81,3
DA:82,6
DA:83,6
DA:84,6
DA:85,6
DA:86,2
DA:87,2
DA:88,1
DA:89,6
DA:91,6
DA:92,6
DA:93,6
DA:94,6
DA:95,6
DA:96,6
DA:98,6
DA:99,6
DA:100,6
DA:101,6
DA:102,6
DA:104,6
DA:105,6
DA:106,6
DA:107,6
DA:109,17
DA:110,17
DA:111,17
DA:112,17
DA:113,17
DA:115,17
DA:116,0
DA:118,17
DA:119,17
DA:121,17
DA:122,10
DA:123,10
DA:124,10
DA:125,0
DA:126,10
DA:127,10
DA:128,10
DA:129,10
DA:130,10
DA:131,10
DA:132,10
DA:133,10
DA:134,10
DA:136,7
DA:137,17
DA:138,3
DA:139,3
DA:140,0
DA:141,3
DA:142,3
DA:143,3
DA:144,3
DA:145,3
DA:146,3
DA:147,3
DA:148,3
DA:149,3
DA:150,3
DA:151,3
DA:153,4
DA:154,0
DA:155,4
DA:156,4
DA:157,4
DA:158,4
DA:159,4
DA:160,4
DA:161,4
DA:162,4
DA:163,17
DA:165,17
DA:166,17
DA:167,17
DA:168,17
DA:169,17
DA:170,17
DA:171,0
DA:173,17
DA:174,0
DA:175,0
DA:176,0
DA:177,17
DA:178,17
DA:180,10
DA:181,10
DA:182,10
DA:183,10
DA:184,10
DA:185,10
DA:186,2
DA:187,10
DA:188,10
DA:189,2
DA:190,10
DA:191,1
DA:192,10
DA:193,1
DA:194,10
DA:195,10
DA:196,10
DA:197,1
DA:198,10
DA:199,10
DA:200,2
DA:201,0
DA:202,10
DA:203,1
DA:204,0
DA:205,0
DA:206,0
DA:207,0
DA:208,0
DA:209,10
DA:210,10
DA:212,3
DA:213,3
DA:214,3
DA:215,3
DA:216,1
DA:217,0
DA:218,0
DA:219,0
DA:220,0
DA:221,3
DA:223,3
DA:224,3
DA:225,3
DA:226,3
DA:227,3
DA:228,3
DA:229,3
DA:230,3
DA:231,3
DA:232,0
DA:233,3
DA:235,6
DA:236,6
DA:237,6
DA:239,6
DA:240,4
DA:241,0
DA:242,6
DA:243,6
DA:244,0
DA:245,2
DA:246,6
DA:248,15
DA:249,0
DA:250,15
DA:251,15
DA:252,4
DA:253,4
DA:254,15
DA:255,15
DA:256,15
DA:257,15
DA:258,1
DA:259,1
DA:260,15
DA:261,4
DA:262,15
DA:264,5
DA:265,5
DA:266,5
DA:268,5
DA:269,5
DA:270,17
DA:271,4
DA:272,4
DA:273,17
DA:274,17
DA:275,5
DA:276,2
DA:277,1
DA:278,1
DA:279,5
DA:280,5
DA:282,5
DA:283,5
DA:284,5
DA:285,5
DA:286,5
DA:287,5
DA:288,1
DA:289,1
DA:290,5
DA:291,5
DA:292,5
DA:293,1
DA:294,1
DA:295,5
DA:296,5
DA:297,5
DA:298,5
DA:299,1
DA:300,1
DA:301,2
DA:302,5
DA:304,5
DA:305,5
DA:306,5
DA:307,5
DA:308,5
DA:309,5
DA:310,5
DA:311,5
DA:313,5
DA:314,5
DA:315,5
DA:317,5
DA:319,5
DA:320,0
DA:321,17
DA:322,17
DA:323,17
DA:324,17
DA:326,17
DA:327,17
DA:328,17
DA:330,17
DA:331,17
DA:332,17
DA:333,17
DA:334,17
DA:335,17
DA:337,5
DA:338,5
DA:340,20
DA:341,20
DA:342,20
DA:344,1
DA:345,12
DA:346,12
DA:348,12
DA:349,1
DA:350,1
DA:352,10
DA:353,12
DA:355,9
DA:356,9
DA:357,9
DA:358,12
DA:359,1
DA:360,1
DA:362,8
DA:363,0
DA:364,0
DA:365,0
DA:366,0
DA:367,0
DA:368,0
DA:370,8
DA:371,8
DA:372,12
DA:373,2
DA:374,2
DA:376,6
DA:377,6
DA:378,6
DA:379,12
DA:380,1
DA:381,1
DA:382,1
DA:383,1
DA:384,1
DA:385,1
DA:386,1
DA:387,1
DA:388,1
DA:389,1
DA:390,1
DA:391,1
DA:392,1
DA:394,5
DA:395,5
DA:397,5
DA:398,5
DA:400,12
DA:401,17
DA:402,17
DA:403,17
DA:404,17
DA:405,17
DA:406,17
DA:407,17
DA:408,17
DA:409,17
DA:410,17
DA:411,17
DA:412,17
DA:413,17
DA:414,1
DA:415,1
DA:417,17
DA:419,17
DA:420,2
DA:421,2
DA:422,2
DA:423,2
DA:424,2
DA:425,2
DA:426,2
DA:427,2
DA:428,2
DA:429,2
DA:430,2
DA:431,2
DA:432,2
DA:433,2
DA:434,2
DA:435,2
DA:436,2
DA:437,2
DA:438,2
DA:439,2
DA:440,2
DA:442,15
DA:443,15
DA:444,17
DA:445,17
DA:446,17
DA:447,17
DA:448,17
DA:449,17
DA:452,17
DA:453,17
DA:454,17
DA:455,17
DA:456,17
DA:457,17
DA:458,17
DA:459,17
DA:460,17
DA:461,17
DA:462,17
DA:463,17
DA:464,17
DA:465,17
DA:466,17
DA:467,17
DA:468,17
DA:469,17
DA:470,17
DA:471,17
DA:472,17
DA:474,5
DA:475,5
DA:476,5
DA:477,5
DA:478,5
DA:479,12
DA:480,2
DA:481,2
DA:482,12
DA:483,2
DA:484,2
DA:486,5
DA:487,5
DA:488,5
DA:489,12
DA:490,3
DA:491,3
DA:493,3
DA:494,12
DA:495,12
DA:496,4
DA:497,4
DA:498,4
DA:499,4
DA:500,4
DA:501,4
DA:502,4
DA:503,4
DA:504,4
DA:505,4
DA:506,4
DA:507,4
DA:508,4
DA:509,4
DA:510,4
DA:511,12
DA:512,12
DA:514,12
DA:515,12
DA:516,12
DA:517,12
DA:518,12
DA:519,12
DA:520,12
DA:521,12
DA:524,12
DA:525,12
DA:526,12
DA:527,12
DA:528,12
DA:529,12
DA:530,12
DA:531,12
DA:532,12
DA:533,12
DA:534,12
DA:535,12
DA:536,12
DA:537,12
DA:538,12
DA:539,12
DA:540,12
DA:541,12
DA:542,1
LH:411
LF:440
end_of_record
SF:/Users/Bayramov_N/Desktop/Other/life-os/supabase/functions/tests/_edge_runtime_harness.ts
FN:37,jsonResponse
FN:51,maybeSingleNotFoundResponse
FN:60,captureEdgeHandler
FN:74,mockServe
FN:78,shutdown
FN:105,withMockedEdgeRuntime
FN:135,globalThis.fetch
FNDA:212,jsonResponse
FNDA:4,maybeSingleNotFoundResponse
FNDA:3,captureEdgeHandler
FNDA:3,mockServe
FNDA:0,shutdown
FNDA:25,withMockedEdgeRuntime
FNDA:216,globalThis.fetch
FNF:7
FNH:6
BRDA:64,3,0,0
BRDA:64,3,1,3
BRDA:82,3,0,0
BRDA:82,3,1,3
BRDA:92,3,0,0
BRDA:92,3,1,3
BRDA:97,3,0,0
BRDA:97,3,1,3
BRDA:76,4,0,0
BRDA:76,4,1,3
BRDA:125,6,0,75
BRDA:128,6,0,0
BRDA:128,6,1,75
BRDA:207,6,0,75
BRDA:210,6,0,0
BRDA:210,6,1,75
BRDA:139,7,0,0
BRDA:139,7,1,216
BRDA:146,7,0,30
BRDA:146,7,1,186
BRDA:147,7,0,0
BRDA:147,7,1,30
BRDA:148,7,0,0
BRDA:148,7,1,30
BRDA:155,7,0,0
BRDA:155,7,1,30
BRDA:159,7,0,186
BRDA:159,7,1,30
BRDA:161,7,0,30
BRDA:161,7,1,186
BRDA:163,7,0,0
BRDA:163,7,1,30
BRDA:170,7,0,0
BRDA:170,7,1,30
BRDA:173,7,0,20
BRDA:173,7,1,10
BRDA:174,7,0,156
BRDA:174,7,1,60
BRDA:176,7,0,39
BRDA:176,7,1,177
BRDA:178,7,0,0
BRDA:178,7,1,39
BRDA:180,7,0,2
BRDA:180,7,1,37
BRDA:186,7,0,37
BRDA:186,7,1,2
BRDA:193,7,0,117
BRDA:193,7,1,99
BRDA:195,7,0,0
BRDA:195,7,1,258
BRDA:197,7,0,113
BRDA:197,7,1,145
BRDA:198,7,0,4
BRDA:198,7,1,212
BRF:54
BRH:39
DA:3,3
DA:37,3
DA:38,3
DA:39,3
DA:40,3
DA:42,212
DA:43,212
DA:44,212
DA:45,212
DA:46,212
DA:47,212
DA:48,212
DA:49,212
DA:51,3
DA:52,4
DA:53,4
DA:54,4
DA:55,4
DA:56,4
DA:57,4
DA:58,4
DA:60,3
DA:61,3
DA:63,3
DA:64,0
DA:65,0
DA:66,0
DA:68,3
DA:69,3
DA:70,3
DA:71,3
DA:74,3
DA:75,3
DA:76,3
DA:77,3
DA:78,3
DA:79,3
DA:80,3
DA:81,3
DA:82,3
DA:83,3
DA:84,3
DA:85,3
DA:87,3
DA:88,3
DA:89,3
DA:90,3
DA:91,3
DA:92,0
DA:93,0
DA:94,0
DA:95,3
DA:97,0
DA:98,0
DA:99,0
DA:101,3
DA:102,3
DA:103,3
DA:105,3
DA:106,3
DA:107,3
DA:109,25
DA:110,25
DA:111,25
DA:112,25
DA:113,25
DA:114,25
DA:116,25
DA:117,25
DA:118,25
DA:119,25
DA:120,25
DA:121,25
DA:122,25
DA:123,25
DA:125,25
DA:126,75
DA:127,75
DA:128,0
DA:129,0
DA:130,0
DA:131,75
DA:132,75
DA:133,75
DA:135,25
DA:136,25
DA:137,25
DA:139,216
DA:140,216
DA:141,216
DA:142,216
DA:143,216
DA:144,216
DA:146,216
DA:147,30
DA:148,0
DA:149,0
DA:150,0
DA:151,0
DA:153,0
DA:154,0
DA:155,0
DA:156,0
DA:157,0
DA:158,30
DA:159,30
DA:161,216
DA:162,30
DA:163,0
DA:164,0
DA:165,0
DA:166,0
DA:168,0
DA:169,0
DA:170,0
DA:171,0
DA:172,0
DA:173,30
DA:174,30
DA:176,216
DA:177,39
DA:178,39
DA:180,39
DA:181,2
DA:182,2
DA:183,2
DA:185,2
DA:186,2
DA:187,37
DA:188,37
DA:189,37
DA:190,37
DA:191,37
DA:192,37
DA:193,37
DA:195,216
DA:196,258
DA:197,258
DA:198,258
DA:200,4
DA:201,25
DA:203,25
DA:204,25
DA:205,25
DA:206,25
DA:207,25
DA:208,75
DA:209,75
DA:210,0
DA:211,0
DA:212,0
DA:213,75
DA:214,25
DA:215,25
LH:121
LF:154
end_of_record
SF:/Users/Bayramov_N/Desktop/Other/life-os/supabase/functions/tests/_mock_supabase_service.ts
FN:26,createMockSupabaseService
FN:33,buildQuery
FN:46,execute
FN:58,delete
FN:62,eq
FN:66,gte
FN:70,in
FN:74,insert
FN:79,ilike
FN:83,is
FN:87,like
FN:91,lt
FN:95,lte
FN:99,limit
FN:103,maybeSingle
FN:107,order
FN:111,range
FN:115,returns
FN:119,select
FN:127,single
FN:131,then
FN:141,update
FN:146,upsert
FN:158,from
FNDA:36,createMockSupabaseService
FNDA:307,buildQuery
FNDA:307,execute
FNDA:0,delete
FNDA:363,eq
FNDA:18,gte
FNDA:13,in
FNDA:0,insert
FNDA:6,ilike
FNDA:36,is
FNDA:55,like
FNDA:9,lt
FNDA:18,lte
FNDA:12,limit
FNDA:73,maybeSingle
FNDA:30,order
FNDA:56,range
FNDA:141,returns
FNDA:274,select
FNDA:2,single
FNDA:91,then
FNDA:31,update
FNDA:33,upsert
FNDA:307,from
FNF:24
FNH:22
BRDA:120,19,0,243
BRDA:120,19,1,31
BRF:2
BRH:2
DA:26,3
DA:27,3
DA:29,3
DA:31,36
DA:33,36
DA:34,307
DA:35,307
DA:36,307
DA:37,307
DA:38,307
DA:39,307
DA:40,307
DA:41,307
DA:42,307
DA:43,307
DA:44,307
DA:46,307
DA:47,307
DA:49,307
DA:50,307
DA:51,307
DA:52,307
DA:53,307
DA:54,307
DA:55,307
DA:57,307
DA:58,0
DA:59,0
DA:60,0
DA:61,0
DA:62,307
DA:63,363
DA:64,363
DA:65,307
DA:66,307
DA:67,18
DA:68,18
DA:69,307
DA:70,307
DA:71,13
DA:72,13
DA:73,307
DA:74,0
DA:75,0
DA:76,0
DA:77,0
DA:78,0
DA:79,307
DA:80,6
DA:81,6
DA:82,307
DA:83,307
DA:84,36
DA:85,36
DA:86,307
DA:87,307
DA:88,55
DA:89,55
DA:90,307
DA:91,307
DA:92,9
DA:93,9
DA:94,307
DA:95,307
DA:96,18
DA:97,18
DA:98,307
DA:99,307
DA:100,12
DA:101,12
DA:102,307
DA:103,307
DA:104,73
DA:105,73
DA:106,307
DA:107,307
DA:108,30
DA:109,30
DA:110,307
DA:111,307
DA:112,56
DA:113,56
DA:114,307
DA:115,307
DA:116,141
DA:117,141
DA:118,307
DA:119,307
DA:120,274
DA:121,243
DA:122,243
DA:123,274
DA:124,274
DA:125,274
DA:126,307
DA:127,307
DA:128,2
DA:129,2
DA:130,307
DA:131,307
DA:132,307
DA:134,307
DA:135,307
DA:137,307
DA:139,91
DA:140,307
DA:141,307
DA:142,31
DA:143,31
DA:144,31
DA:145,307
DA:146,307
DA:147,33
DA:148,33
DA:149,33
DA:150,33
DA:151,33
DA:152,307
DA:154,307
DA:155,36
DA:157,36
DA:158,36
DA:159,307
DA:160,36
DA:161,36
DA:162,36
DA:163,36
LH:118
LF:127
end_of_record
